This is pdfTeX, Version 3.14159265-2.6-1.40.19 (MiKTeX 2.9.6745 64-bit) (preloaded format=pdflatex 2018.7.17)  14 SEP 2018 08:33
entering extended mode
**./presentation_BA_JW.tex
(presentation_BA_JW.tex
LaTeX2e <2018-04-01> patch level 5
("C:\Program Files\MiKTeX 2.9\tex\latex\beamer\beamer.cls"
Document Class: beamer 2018/02/20 v3.50 A class for typesetting presentations
("C:\Program Files\MiKTeX 2.9\tex\latex\beamer\beamerbasemodes.sty"
("C:\Program Files\MiKTeX 2.9\tex\latex\etoolbox\etoolbox.sty"
Package: etoolbox 2018/02/11 v2.5e e-TeX tools for LaTeX (JAW)
\etb@tempcnta=\count80
)
\beamer@tempbox=\box26
\beamer@tempcount=\count81
\c@beamerpauses=\count82

("C:\Program Files\MiKTeX 2.9\tex\latex\beamer\beamerbasedecode.sty"
\beamer@slideinframe=\count83
\beamer@minimum=\count84
)
\beamer@commentbox=\box27
\beamer@modecount=\count85
)
("C:\Program Files\MiKTeX 2.9\tex\generic\oberdiek\ifpdf.sty"
Package: ifpdf 2017/03/15 v3.2 Provides the ifpdf switch
)
\headdp=\dimen102
\footheight=\dimen103
\sidebarheight=\dimen104
\beamer@tempdim=\dimen105
\beamer@finalheight=\dimen106
\beamer@animht=\dimen107
\beamer@animdp=\dimen108
\beamer@animwd=\dimen109
\beamer@leftmargin=\dimen110
\beamer@rightmargin=\dimen111
\beamer@leftsidebar=\dimen112
\beamer@rightsidebar=\dimen113
\beamer@boxsize=\dimen114
\beamer@vboxoffset=\dimen115
\beamer@descdefault=\dimen116
\beamer@descriptionwidth=\dimen117
\beamer@lastskip=\skip41
\beamer@areabox=\box28
\beamer@animcurrent=\box29
\beamer@animshowbox=\box30
\beamer@sectionbox=\box31
\beamer@logobox=\box32
\beamer@linebox=\box33
\beamer@sectioncount=\count86
\beamer@subsubsectionmax=\count87
\beamer@subsectionmax=\count88
\beamer@sectionmax=\count89
\beamer@totalheads=\count90
\beamer@headcounter=\count91
\beamer@partstartpage=\count92
\beamer@sectionstartpage=\count93
\beamer@subsectionstartpage=\count94
\beamer@animationtempa=\count95
\beamer@animationtempb=\count96
\beamer@xpos=\count97
\beamer@ypos=\count98
\beamer@ypos@offset=\count99
\beamer@showpartnumber=\count100
\beamer@currentsubsection=\count101
\beamer@coveringdepth=\count102
\beamer@sectionadjust=\count103
\beamer@tocsectionnumber=\count104

("C:\Program Files\MiKTeX 2.9\tex\latex\beamer\beamerbaseoptions.sty"
("C:\Program Files\MiKTeX 2.9\tex\latex\graphics\keyval.sty"
Package: keyval 2014/10/28 v1.15 key=value parser (DPC)
\KV@toks@=\toks14
))
\beamer@paperwidth=\skip42
\beamer@paperheight=\skip43

("C:\Program Files\MiKTeX 2.9\tex\latex\geometry\geometry.sty"
Package: geometry 2018/04/16 v5.8 Page Geometry

("C:\Program Files\MiKTeX 2.9\tex\generic\oberdiek\ifvtex.sty"
Package: ifvtex 2016/05/16 v1.6 Detect VTeX and its facilities (HO)
Package ifvtex Info: VTeX not detected.
)
("C:\Program Files\MiKTeX 2.9\tex\generic\ifxetex\ifxetex.sty"
Package: ifxetex 2010/09/12 v0.6 Provides ifxetex conditional
)
\Gm@cnth=\count105
\Gm@cntv=\count106
\c@Gm@tempcnt=\count107
\Gm@bindingoffset=\dimen118
\Gm@wd@mp=\dimen119
\Gm@odd@mp=\dimen120
\Gm@even@mp=\dimen121
\Gm@layoutwidth=\dimen122
\Gm@layoutheight=\dimen123
\Gm@layouthoffset=\dimen124
\Gm@layoutvoffset=\dimen125
\Gm@dimlist=\toks15

("C:\Program Files\MiKTeX 2.9\tex\latex\geometry\geometry.cfg"))
("C:\Program Files\MiKTeX 2.9\tex\latex\base\size10.clo"
File: size10.clo 2014/09/29 v1.4h Standard LaTeX file (size option)
)
("C:\Program Files\MiKTeX 2.9\tex\latex\pgf\basiclayer\pgfcore.sty"
("C:\Program Files\MiKTeX 2.9\tex\latex\graphics\graphicx.sty"
Package: graphicx 2017/06/01 v1.1a Enhanced LaTeX Graphics (DPC,SPQR)

("C:\Program Files\MiKTeX 2.9\tex\latex\graphics\graphics.sty"
Package: graphics 2017/06/25 v1.2c Standard LaTeX Graphics (DPC,SPQR)

("C:\Program Files\MiKTeX 2.9\tex\latex\graphics\trig.sty"
Package: trig 2016/01/03 v1.10 sin cos tan (DPC)
)
("C:\Program Files\MiKTeX 2.9\tex\latex\graphics-cfg\graphics.cfg"
File: graphics.cfg 2016/06/04 v1.11 sample graphics configuration
)
Package graphics Info: Driver file: pdftex.def on input line 99.

("C:\Program Files\MiKTeX 2.9\tex\latex\graphics-def\pdftex.def"
File: pdftex.def 2018/01/08 v1.0l Graphics/color driver for pdftex
))
\Gin@req@height=\dimen126
\Gin@req@width=\dimen127
)
("C:\Program Files\MiKTeX 2.9\tex\latex\pgf\systemlayer\pgfsys.sty"
("C:\Program Files\MiKTeX 2.9\tex\latex\pgf\utilities\pgfrcs.sty"
("C:\Program Files\MiKTeX 2.9\tex\generic\pgf\utilities\pgfutil-common.tex"
\pgfutil@everybye=\toks16
\pgfutil@tempdima=\dimen128
\pgfutil@tempdimb=\dimen129

("C:\Program Files\MiKTeX 2.9\tex\generic\pgf\utilities\pgfutil-common-lists.te
x")) ("C:\Program Files\MiKTeX 2.9\tex\generic\pgf\utilities\pgfutil-latex.def"
\pgfutil@abb=\box34
("C:\Program Files\MiKTeX 2.9\tex\latex\ms\everyshi.sty"
Package: everyshi 2001/05/15 v3.00 EveryShipout Package (MS)
))
("C:\Program Files\MiKTeX 2.9\tex\generic\pgf\utilities\pgfrcs.code.tex"
Package: pgfrcs 2015/08/07 v3.0.1a (rcs-revision 1.31)
))
("C:\Program Files\MiKTeX 2.9\tex\generic\pgf\systemlayer\pgfsys.code.tex"
Package: pgfsys 2014/07/09 v3.0.1a (rcs-revision 1.48)

("C:\Program Files\MiKTeX 2.9\tex\generic\pgf\utilities\pgfkeys.code.tex"
\pgfkeys@pathtoks=\toks17
\pgfkeys@temptoks=\toks18

("C:\Program Files\MiKTeX 2.9\tex\generic\pgf\utilities\pgfkeysfiltered.code.te
x"
\pgfkeys@tmptoks=\toks19
))
\pgf@x=\dimen130
\pgf@y=\dimen131
\pgf@xa=\dimen132
\pgf@ya=\dimen133
\pgf@xb=\dimen134
\pgf@yb=\dimen135
\pgf@xc=\dimen136
\pgf@yc=\dimen137
\w@pgf@writea=\write3
\r@pgf@reada=\read1
\c@pgf@counta=\count108
\c@pgf@countb=\count109
\c@pgf@countc=\count110
\c@pgf@countd=\count111
\t@pgf@toka=\toks20
\t@pgf@tokb=\toks21
\t@pgf@tokc=\toks22
 ("C:\Program Files\MiKTeX 2.9\tex\generic\pgf\systemlayer\pgf.cfg"
File: pgf.cfg 2008/05/14  (rcs-revision 1.7)
)
Driver file for pgf: pgfsys-pdftex.def

("C:\Program Files\MiKTeX 2.9\tex\generic\pgf\systemlayer\pgfsys-pdftex.def"
File: pgfsys-pdftex.def 2014/10/11  (rcs-revision 1.35)

("C:\Program Files\MiKTeX 2.9\tex\generic\pgf\systemlayer\pgfsys-common-pdf.def
"
File: pgfsys-common-pdf.def 2013/10/10  (rcs-revision 1.13)
)))
("C:\Program Files\MiKTeX 2.9\tex\generic\pgf\systemlayer\pgfsyssoftpath.code.t
ex"
File: pgfsyssoftpath.code.tex 2013/09/09  (rcs-revision 1.9)
\pgfsyssoftpath@smallbuffer@items=\count112
\pgfsyssoftpath@bigbuffer@items=\count113
)
("C:\Program Files\MiKTeX 2.9\tex\generic\pgf\systemlayer\pgfsysprotocol.code.t
ex"
File: pgfsysprotocol.code.tex 2006/10/16  (rcs-revision 1.4)
)) ("C:\Program Files\MiKTeX 2.9\tex\latex\xcolor\xcolor.sty"
Package: xcolor 2016/05/11 v2.12 LaTeX color extensions (UK)

("C:\Program Files\MiKTeX 2.9\tex\latex\graphics-cfg\color.cfg"
File: color.cfg 2016/01/02 v1.6 sample color configuration
)
Package xcolor Info: Driver file: pdftex.def on input line 225.
Package xcolor Info: Model `cmy' substituted by `cmy0' on input line 1348.
Package xcolor Info: Model `hsb' substituted by `rgb' on input line 1352.
Package xcolor Info: Model `RGB' extended on input line 1364.
Package xcolor Info: Model `HTML' substituted by `rgb' on input line 1366.
Package xcolor Info: Model `Hsb' substituted by `hsb' on input line 1367.
Package xcolor Info: Model `tHsb' substituted by `hsb' on input line 1368.
Package xcolor Info: Model `HSB' substituted by `hsb' on input line 1369.
Package xcolor Info: Model `Gray' substituted by `gray' on input line 1370.
Package xcolor Info: Model `wave' substituted by `hsb' on input line 1371.
)
("C:\Program Files\MiKTeX 2.9\tex\generic\pgf\basiclayer\pgfcore.code.tex"
Package: pgfcore 2010/04/11 v3.0.1a (rcs-revision 1.7)

("C:\Program Files\MiKTeX 2.9\tex\generic\pgf\math\pgfmath.code.tex"
("C:\Program Files\MiKTeX 2.9\tex\generic\pgf\math\pgfmathcalc.code.tex"
("C:\Program Files\MiKTeX 2.9\tex\generic\pgf\math\pgfmathutil.code.tex")
("C:\Program Files\MiKTeX 2.9\tex\generic\pgf\math\pgfmathparser.code.tex"
\pgfmath@dimen=\dimen138
\pgfmath@count=\count114
\pgfmath@box=\box35
\pgfmath@toks=\toks23
\pgfmath@stack@operand=\toks24
\pgfmath@stack@operation=\toks25
)
("C:\Program Files\MiKTeX 2.9\tex\generic\pgf\math\pgfmathfunctions.code.tex"
("C:\Program Files\MiKTeX 2.9\tex\generic\pgf\math\pgfmathfunctions.basic.code.
tex")
("C:\Program Files\MiKTeX 2.9\tex\generic\pgf\math\pgfmathfunctions.trigonometr
ic.code.tex")
("C:\Program Files\MiKTeX 2.9\tex\generic\pgf\math\pgfmathfunctions.random.code
.tex")
("C:\Program Files\MiKTeX 2.9\tex\generic\pgf\math\pgfmathfunctions.comparison.
code.tex")
("C:\Program Files\MiKTeX 2.9\tex\generic\pgf\math\pgfmathfunctions.base.code.t
ex")
("C:\Program Files\MiKTeX 2.9\tex\generic\pgf\math\pgfmathfunctions.round.code.
tex")
("C:\Program Files\MiKTeX 2.9\tex\generic\pgf\math\pgfmathfunctions.misc.code.t
ex")
("C:\Program Files\MiKTeX 2.9\tex\generic\pgf\math\pgfmathfunctions.integerarit
hmetics.code.tex")))
("C:\Program Files\MiKTeX 2.9\tex\generic\pgf\math\pgfmathfloat.code.tex"
\c@pgfmathroundto@lastzeros=\count115
))
("C:\Program Files\MiKTeX 2.9\tex\generic\pgf\basiclayer\pgfcorepoints.code.tex
"
File: pgfcorepoints.code.tex 2013/10/07  (rcs-revision 1.27)
\pgf@picminx=\dimen139
\pgf@picmaxx=\dimen140
\pgf@picminy=\dimen141
\pgf@picmaxy=\dimen142
\pgf@pathminx=\dimen143
\pgf@pathmaxx=\dimen144
\pgf@pathminy=\dimen145
\pgf@pathmaxy=\dimen146
\pgf@xx=\dimen147
\pgf@xy=\dimen148
\pgf@yx=\dimen149
\pgf@yy=\dimen150
\pgf@zx=\dimen151
\pgf@zy=\dimen152
)
("C:\Program Files\MiKTeX 2.9\tex\generic\pgf\basiclayer\pgfcorepathconstruct.c
ode.tex"
File: pgfcorepathconstruct.code.tex 2013/10/07  (rcs-revision 1.29)
\pgf@path@lastx=\dimen153
\pgf@path@lasty=\dimen154
)
("C:\Program Files\MiKTeX 2.9\tex\generic\pgf\basiclayer\pgfcorepathusage.code.
tex"
File: pgfcorepathusage.code.tex 2014/11/02  (rcs-revision 1.24)
\pgf@shorten@end@additional=\dimen155
\pgf@shorten@start@additional=\dimen156
)
("C:\Program Files\MiKTeX 2.9\tex\generic\pgf\basiclayer\pgfcorescopes.code.tex
"
File: pgfcorescopes.code.tex 2015/05/08  (rcs-revision 1.46)
\pgfpic=\box36
\pgf@hbox=\box37
\pgf@layerbox@main=\box38
\pgf@picture@serial@count=\count116
)
("C:\Program Files\MiKTeX 2.9\tex\generic\pgf\basiclayer\pgfcoregraphicstate.co
de.tex"
File: pgfcoregraphicstate.code.tex 2014/11/02  (rcs-revision 1.12)
\pgflinewidth=\dimen157
)
("C:\Program Files\MiKTeX 2.9\tex\generic\pgf\basiclayer\pgfcoretransformations
.code.tex"
File: pgfcoretransformations.code.tex 2015/08/07  (rcs-revision 1.20)
\pgf@pt@x=\dimen158
\pgf@pt@y=\dimen159
\pgf@pt@temp=\dimen160
)
("C:\Program Files\MiKTeX 2.9\tex\generic\pgf\basiclayer\pgfcorequick.code.tex"
File: pgfcorequick.code.tex 2008/10/09  (rcs-revision 1.3)
)
("C:\Program Files\MiKTeX 2.9\tex\generic\pgf\basiclayer\pgfcoreobjects.code.te
x"
File: pgfcoreobjects.code.tex 2006/10/11  (rcs-revision 1.2)
)
("C:\Program Files\MiKTeX 2.9\tex\generic\pgf\basiclayer\pgfcorepathprocessing.
code.tex"
File: pgfcorepathprocessing.code.tex 2013/09/09  (rcs-revision 1.9)
)
("C:\Program Files\MiKTeX 2.9\tex\generic\pgf\basiclayer\pgfcorearrows.code.tex
"
File: pgfcorearrows.code.tex 2015/05/14  (rcs-revision 1.43)
\pgfarrowsep=\dimen161
)
("C:\Program Files\MiKTeX 2.9\tex\generic\pgf\basiclayer\pgfcoreshade.code.tex"
File: pgfcoreshade.code.tex 2013/07/15  (rcs-revision 1.15)
\pgf@max=\dimen162
\pgf@sys@shading@range@num=\count117
) ("C:\Program Files\MiKTeX 2.9\tex\generic\pgf\basiclayer\pgfcoreimage.code.te
x"
File: pgfcoreimage.code.tex 2013/07/15  (rcs-revision 1.18)

("C:\Program Files\MiKTeX 2.9\tex\generic\pgf\basiclayer\pgfcoreexternal.code.t
ex"
File: pgfcoreexternal.code.tex 2014/07/09  (rcs-revision 1.21)
\pgfexternal@startupbox=\box39
))
("C:\Program Files\MiKTeX 2.9\tex\generic\pgf\basiclayer\pgfcorelayers.code.tex
"
File: pgfcorelayers.code.tex 2013/07/18  (rcs-revision 1.7)
)
("C:\Program Files\MiKTeX 2.9\tex\generic\pgf\basiclayer\pgfcoretransparency.co
de.tex"
File: pgfcoretransparency.code.tex 2013/09/30  (rcs-revision 1.5)
)
("C:\Program Files\MiKTeX 2.9\tex\generic\pgf\basiclayer\pgfcorepatterns.code.t
ex"
File: pgfcorepatterns.code.tex 2013/11/07  (rcs-revision 1.5)
))) ("C:\Program Files\MiKTeX 2.9\tex\latex\pgf\utilities\xxcolor.sty"
Package: xxcolor 2003/10/24 ver 0.1
\XC@nummixins=\count118
\XC@countmixins=\count119
)
("C:\Program Files\MiKTeX 2.9\tex\generic\oberdiek\atbegshi.sty"
Package: atbegshi 2016/06/09 v1.18 At begin shipout hook (HO)

("C:\Program Files\MiKTeX 2.9\tex\generic\oberdiek\infwarerr.sty"
Package: infwarerr 2016/05/16 v1.4 Providing info/warning/error messages (HO)
)
("C:\Program Files\MiKTeX 2.9\tex\generic\oberdiek\ltxcmds.sty"
Package: ltxcmds 2016/05/16 v1.23 LaTeX kernel commands for general use (HO)
))
("C:\Program Files\MiKTeX 2.9\tex\latex\hyperref\hyperref.sty"
Package: hyperref 2018/02/06 v6.86b Hypertext links for LaTeX

("C:\Program Files\MiKTeX 2.9\tex\generic\oberdiek\hobsub-hyperref.sty"
Package: hobsub-hyperref 2016/05/16 v1.14 Bundle oberdiek, subset hyperref (HO)


("C:\Program Files\MiKTeX 2.9\tex\generic\oberdiek\hobsub-generic.sty"
Package: hobsub-generic 2016/05/16 v1.14 Bundle oberdiek, subset generic (HO)
Package: hobsub 2016/05/16 v1.14 Construct package bundles (HO)
Package hobsub Info: Skipping package `infwarerr' (already loaded).
Package hobsub Info: Skipping package `ltxcmds' (already loaded).
Package: ifluatex 2016/05/16 v1.4 Provides the ifluatex switch (HO)
Package ifluatex Info: LuaTeX not detected.
Package hobsub Info: Skipping package `ifvtex' (already loaded).
Package: intcalc 2016/05/16 v1.2 Expandable calculations with integers (HO)
Package hobsub Info: Skipping package `ifpdf' (already loaded).
Package: etexcmds 2016/05/16 v1.6 Avoid name clashes with e-TeX commands (HO)
Package etexcmds Info: Could not find \expanded.
(etexcmds)             That can mean that you are not using pdfTeX 1.50 or
(etexcmds)             that some package has redefined \expanded.
(etexcmds)             In the latter case, load this package earlier.
Package: kvsetkeys 2016/05/16 v1.17 Key value parser (HO)
Package: kvdefinekeys 2016/05/16 v1.4 Define keys (HO)
Package: pdftexcmds 2018/01/30 v0.27 Utility functions of pdfTeX for LuaTeX (HO
)
Package pdftexcmds Info: LuaTeX not detected.
Package pdftexcmds Info: \pdf@primitive is available.
Package pdftexcmds Info: \pdf@ifprimitive is available.
Package pdftexcmds Info: \pdfdraftmode found.
Package: pdfescape 2016/05/16 v1.14 Implements pdfTeX's escape features (HO)
Package: bigintcalc 2016/05/16 v1.4 Expandable calculations on big integers (HO
)
Package: bitset 2016/05/16 v1.2 Handle bit-vector datatype (HO)
Package: uniquecounter 2016/05/16 v1.3 Provide unlimited unique counter (HO)
)
Package hobsub Info: Skipping package `hobsub' (already loaded).
Package: letltxmacro 2016/05/16 v1.5 Let assignment for LaTeX macros (HO)
Package: hopatch 2016/05/16 v1.3 Wrapper for package hooks (HO)
Package: xcolor-patch 2016/05/16 xcolor patch
Package: atveryend 2016/05/16 v1.9 Hooks at the very end of document (HO)
Package hobsub Info: Skipping package `atbegshi' (already loaded).
Package: refcount 2016/05/16 v3.5 Data extraction from label references (HO)
Package: hycolor 2016/05/16 v1.8 Color options for hyperref/bookmark (HO)
)
("C:\Program Files\MiKTeX 2.9\tex\latex\oberdiek\auxhook.sty"
Package: auxhook 2016/05/16 v1.4 Hooks for auxiliary files (HO)
)
("C:\Program Files\MiKTeX 2.9\tex\latex\oberdiek\kvoptions.sty"
Package: kvoptions 2016/05/16 v3.12 Key value format for package options (HO)
)
\@linkdim=\dimen163
\Hy@linkcounter=\count120
\Hy@pagecounter=\count121

("C:\Program Files\MiKTeX 2.9\tex\latex\hyperref\pd1enc.def"
File: pd1enc.def 2018/02/06 v6.86b Hyperref: PDFDocEncoding definition (HO)
Now handling font encoding PD1 ...
... no UTF-8 mapping file for font encoding PD1
)
\Hy@SavedSpaceFactor=\count122

("C:\Program Files\MiKTeX 2.9\tex\latex\00miktex\hyperref.cfg"
File: hyperref.cfg 2002/06/06 v1.2 hyperref configuration of TeXLive
)
Package hyperref Info: Option `bookmarks' set `true' on input line 4383.
Package hyperref Info: Option `bookmarksopen' set `true' on input line 4383.
Package hyperref Info: Option `implicit' set `false' on input line 4383.
Package hyperref Info: Hyper figures OFF on input line 4509.
Package hyperref Info: Link nesting OFF on input line 4514.
Package hyperref Info: Hyper index ON on input line 4517.
Package hyperref Info: Plain pages OFF on input line 4524.
Package hyperref Info: Backreferencing OFF on input line 4529.
Package hyperref Info: Implicit mode OFF; no redefinition of LaTeX internals.
Package hyperref Info: Bookmarks ON on input line 4762.
\c@Hy@tempcnt=\count123

("C:\Program Files\MiKTeX 2.9\tex\latex\url\url.sty"
\Urlmuskip=\muskip10
Package: url 2013/09/16  ver 3.4  Verb mode for urls, etc.
)
LaTeX Info: Redefining \url on input line 5115.
\XeTeXLinkMargin=\dimen164
\Fld@menulength=\count124
\Field@Width=\dimen165
\Fld@charsize=\dimen166
Package hyperref Info: Hyper figures OFF on input line 6369.
Package hyperref Info: Link nesting OFF on input line 6374.
Package hyperref Info: Hyper index ON on input line 6377.
Package hyperref Info: backreferencing OFF on input line 6384.
Package hyperref Info: Link coloring OFF on input line 6389.
Package hyperref Info: Link coloring with OCG OFF on input line 6394.
Package hyperref Info: PDF/A mode OFF on input line 6399.
LaTeX Info: Redefining \ref on input line 6439.
LaTeX Info: Redefining \pageref on input line 6443.
\Hy@abspage=\count125


Package hyperref Message: Stopped early.

)
Package hyperref Info: Driver (autodetected): hpdftex.
 ("C:\Program Files\MiKTeX 2.9\tex\latex\hyperref\hpdftex.def"
File: hpdftex.def 2018/02/06 v6.86b Hyperref driver for pdfTeX
\Fld@listcount=\count126
\c@bookmark@seq@number=\count127

("C:\Program Files\MiKTeX 2.9\tex\latex\oberdiek\rerunfilecheck.sty"
Package: rerunfilecheck 2016/05/16 v1.8 Rerun checks for auxiliary files (HO)
Package uniquecounter Info: New unique counter `rerunfilecheck' on input line 2
82.
))
("C:\Program Files\MiKTeX 2.9\tex\latex\beamer\beamerbaserequires.sty"
("C:\Program Files\MiKTeX 2.9\tex\latex\beamer\beamerbasecompatibility.sty")
("C:\Program Files\MiKTeX 2.9\tex\latex\beamer\beamerbasefont.sty"
("C:\Program Files\MiKTeX 2.9\tex\latex\amsfonts\amssymb.sty"
Package: amssymb 2013/01/14 v3.01 AMS font symbols

("C:\Program Files\MiKTeX 2.9\tex\latex\amsfonts\amsfonts.sty"
Package: amsfonts 2013/01/14 v3.01 Basic AMSFonts support
\@emptytoks=\toks26
\symAMSa=\mathgroup4
\symAMSb=\mathgroup5
LaTeX Font Info:    Overwriting math alphabet `\mathfrak' in version `bold'
(Font)                  U/euf/m/n --> U/euf/b/n on input line 106.
))
("C:\Program Files\MiKTeX 2.9\tex\latex\sansmathaccent\sansmathaccent.sty"
Package: sansmathaccent 2013/03/28

("C:\Program Files\MiKTeX 2.9\tex\latex\filehook\filehook.sty"
Package: filehook 2011/10/12 v0.5d Hooks for input files
)))
("C:\Program Files\MiKTeX 2.9\tex\latex\beamer\beamerbasetranslator.sty"
("C:\Program Files\MiKTeX 2.9\tex\latex\translator\translator.sty"
Package: translator 2018/01/04 v1.12 Easy translation of strings in LaTeX
))
("C:\Program Files\MiKTeX 2.9\tex\latex\beamer\beamerbasemisc.sty")
("C:\Program Files\MiKTeX 2.9\tex\latex\beamer\beamerbasetwoscreens.sty")
("C:\Program Files\MiKTeX 2.9\tex\latex\beamer\beamerbaseoverlay.sty"
\beamer@argscount=\count128
\beamer@lastskipcover=\skip44
\beamer@trivlistdepth=\count129
)
("C:\Program Files\MiKTeX 2.9\tex\latex\beamer\beamerbasetitle.sty")
("C:\Program Files\MiKTeX 2.9\tex\latex\beamer\beamerbasesection.sty"
\c@lecture=\count130
\c@part=\count131
\c@section=\count132
\c@subsection=\count133
\c@subsubsection=\count134
)
("C:\Program Files\MiKTeX 2.9\tex\latex\beamer\beamerbaseframe.sty"
\beamer@framebox=\box40
\beamer@frametitlebox=\box41
\beamer@zoombox=\box42
\beamer@zoomcount=\count135
\beamer@zoomframecount=\count136
\beamer@frametextheight=\dimen167
\c@subsectionslide=\count137
\beamer@frametopskip=\skip45
\beamer@framebottomskip=\skip46
\beamer@frametopskipautobreak=\skip47
\beamer@framebottomskipautobreak=\skip48
\beamer@envbody=\toks27
\framewidth=\dimen168
\c@framenumber=\count138
)
("C:\Program Files\MiKTeX 2.9\tex\latex\beamer\beamerbaseverbatim.sty"
\beamer@verbatimfileout=\write4
)
("C:\Program Files\MiKTeX 2.9\tex\latex\beamer\beamerbaseframesize.sty"
\beamer@splitbox=\box43
\beamer@autobreakcount=\count139
\beamer@autobreaklastheight=\dimen169
\beamer@frametitletoks=\toks28
\beamer@framesubtitletoks=\toks29
)
("C:\Program Files\MiKTeX 2.9\tex\latex\beamer\beamerbaseframecomponents.sty"
\beamer@footins=\box44
)
("C:\Program Files\MiKTeX 2.9\tex\latex\beamer\beamerbasecolor.sty"
\beamer@bg@ht=\dimen170
\beamer@bg@wd=\dimen171
\beamer@bg@dp=\dimen172
)
("C:\Program Files\MiKTeX 2.9\tex\latex\beamer\beamerbasenotes.sty"
\beamer@frameboxcopy=\box45
)
("C:\Program Files\MiKTeX 2.9\tex\latex\beamer\beamerbasetoc.sty")
("C:\Program Files\MiKTeX 2.9\tex\latex\beamer\beamerbasetemplates.sty"
\beamer@sbttoks=\toks30

("C:\Program Files\MiKTeX 2.9\tex\latex\beamer\beamerbaseauxtemplates.sty"
("C:\Program Files\MiKTeX 2.9\tex\latex\beamer\beamerbaseboxes.sty"
\bmb@box=\box46
\bmb@colorbox=\box47
\bmb@boxshadow=\box48
\bmb@boxshadowball=\box49
\bmb@boxshadowballlarge=\box50
\bmb@temp=\dimen173
\bmb@dima=\dimen174
\bmb@dimb=\dimen175
\bmb@prevheight=\dimen176
)
\beamer@blockheadheight=\dimen177
))
("C:\Program Files\MiKTeX 2.9\tex\latex\beamer\beamerbaselocalstructure.sty"
("C:\Program Files\MiKTeX 2.9\tex\latex\tools\enumerate.sty"
Package: enumerate 2015/07/23 v3.00 enumerate extensions (DPC)
\@enLab=\toks31
)
\c@figure=\count140
\c@table=\count141
\abovecaptionskip=\skip49
\belowcaptionskip=\skip50
)
("C:\Program Files\MiKTeX 2.9\tex\latex\beamer\beamerbasenavigation.sty"
\beamer@section@min@dim=\dimen178
)
("C:\Program Files\MiKTeX 2.9\tex\latex\beamer\beamerbasetheorems.sty"
("C:\Program Files\MiKTeX 2.9\tex\latex\amsmath\amsmath.sty"
Package: amsmath 2017/09/02 v2.17a AMS math features
\@mathmargin=\skip51

For additional information on amsmath, use the `?' option.
("C:\Program Files\MiKTeX 2.9\tex\latex\amsmath\amstext.sty"
Package: amstext 2000/06/29 v2.01 AMS text

("C:\Program Files\MiKTeX 2.9\tex\latex\amsmath\amsgen.sty"
File: amsgen.sty 1999/11/30 v2.0 generic functions
\@emptytoks=\toks32
\ex@=\dimen179
))
("C:\Program Files\MiKTeX 2.9\tex\latex\amsmath\amsbsy.sty"
Package: amsbsy 1999/11/29 v1.2d Bold Symbols
\pmbraise@=\dimen180
)
("C:\Program Files\MiKTeX 2.9\tex\latex\amsmath\amsopn.sty"
Package: amsopn 2016/03/08 v2.02 operator names
)
\inf@bad=\count142
LaTeX Info: Redefining \frac on input line 213.
\uproot@=\count143
\leftroot@=\count144
LaTeX Info: Redefining \overline on input line 375.
\classnum@=\count145
\DOTSCASE@=\count146
LaTeX Info: Redefining \ldots on input line 472.
LaTeX Info: Redefining \dots on input line 475.
LaTeX Info: Redefining \cdots on input line 596.
\Mathstrutbox@=\box51
\strutbox@=\box52
\big@size=\dimen181
LaTeX Font Info:    Redeclaring font encoding OML on input line 712.
LaTeX Font Info:    Redeclaring font encoding OMS on input line 713.
\macc@depth=\count147
\c@MaxMatrixCols=\count148
\dotsspace@=\muskip11
\c@parentequation=\count149
\dspbrk@lvl=\count150
\tag@help=\toks33
\row@=\count151
\column@=\count152
\maxfields@=\count153
\andhelp@=\toks34
\eqnshift@=\dimen182
\alignsep@=\dimen183
\tagshift@=\dimen184
\tagwidth@=\dimen185
\totwidth@=\dimen186
\lineht@=\dimen187
\@envbody=\toks35
\multlinegap=\skip52
\multlinetaggap=\skip53
\mathdisplay@stack=\toks36
LaTeX Info: Redefining \[ on input line 2817.
LaTeX Info: Redefining \] on input line 2818.
)
("C:\Program Files\MiKTeX 2.9\tex\latex\amscls\amsthm.sty"
Package: amsthm 2017/10/31 v2.20.4
\thm@style=\toks37
\thm@bodyfont=\toks38
\thm@headfont=\toks39
\thm@notefont=\toks40
\thm@headpunct=\toks41
\thm@preskip=\skip54
\thm@postskip=\skip55
\thm@headsep=\skip56
\dth@everypar=\toks42
)
\c@theorem=\count154
)
("C:\Program Files\MiKTeX 2.9\tex\latex\beamer\beamerbasethemes.sty"))
("C:\Program Files\MiKTeX 2.9\tex\latex\beamer\beamerthemedefault.sty"
("C:\Program Files\MiKTeX 2.9\tex\latex\beamer\beamerfontthemedefault.sty")
("C:\Program Files\MiKTeX 2.9\tex\latex\beamer\beamercolorthemedefault.sty")
("C:\Program Files\MiKTeX 2.9\tex\latex\beamer\beamerinnerthemedefault.sty"
\beamer@dima=\dimen188
\beamer@dimb=\dimen189
)
("C:\Program Files\MiKTeX 2.9\tex\latex\beamer\beamerouterthemedefault.sty")))
(C:/Users/Jonas/Documents/MikTeX/localtexmf\tex\latex\beamerthemeACON.sty
Package: beamerthemeACON 2016/12/09 ACON beamer theme

("C:\Program Files\MiKTeX 2.9\tex\latex\base\ifthen.sty"
Package: ifthen 2014/09/29 v1.1c Standard LaTeX ifthen package (DPC)
)
("C:\Program Files\MiKTeX 2.9\tex\latex\marvosym\marvosym.sty"
Package: marvosym 2011/07/20 v2.2 Martin Vogel's Symbols font definitions
)
("C:\Program Files\MiKTeX 2.9\tex\latex\ms\ragged2e.sty"
Package: ragged2e 2009/05/21 v2.1 ragged2e Package (MS)

("C:\Program Files\MiKTeX 2.9\tex\latex\ms\everysel.sty"
Package: everysel 2011/10/28 v1.2 EverySelectfont Package (MS)
)
\CenteringLeftskip=\skip57
\RaggedLeftLeftskip=\skip58
\RaggedRightLeftskip=\skip59
\CenteringRightskip=\skip60
\RaggedLeftRightskip=\skip61
\RaggedRightRightskip=\skip62
\CenteringParfillskip=\skip63
\RaggedLeftParfillskip=\skip64
\RaggedRightParfillskip=\skip65
\JustifyingParfillskip=\skip66
\CenteringParindent=\skip67
\RaggedLeftParindent=\skip68
\RaggedRightParindent=\skip69
\JustifyingParindent=\skip70
)
("C:\Program Files\MiKTeX 2.9\tex\latex\pgf\utilities\pgfpages.sty"
Package: pgfpages 2011/01/05 ver 0.02

("C:\Program Files\MiKTeX 2.9\tex\latex\tools\calc.sty"
Package: calc 2017/05/25 v4.3 Infix arithmetic (KKT,FJ)
\calc@Acount=\count155
\calc@Bcount=\count156
\calc@Adimen=\dimen190
\calc@Bdimen=\dimen191
\calc@Askip=\skip71
\calc@Bskip=\skip72
LaTeX Info: Redefining \setlength on input line 80.
LaTeX Info: Redefining \addtolength on input line 81.
\calc@Ccount=\count157
\calc@Cskip=\skip73
)
\pgf@logicalpages=\count158
\pgf@firstshipout=\count159
\pgf@lastshipout=\count160
\pgf@currentshipout=\count161
\pgf@cpn=\count162
\pgf@shipoutnextto=\count163
\pgfphysicalheight=\dimen192
\pgfphysicalwidth=\dimen193
\pgfpages@shipoutbox=\box53
)
("C:\Program Files\MiKTeX 2.9\tex\latex\pgf\frontendlayer\tikz.sty"
("C:\Program Files\MiKTeX 2.9\tex\latex\pgf\basiclayer\pgf.sty"
Package: pgf 2015/08/07 v3.0.1a (rcs-revision 1.15)

("C:\Program Files\MiKTeX 2.9\tex\generic\pgf\modules\pgfmoduleshapes.code.tex"
File: pgfmoduleshapes.code.tex 2014/03/21  (rcs-revision 1.35)
\pgfnodeparttextbox=\box54
) ("C:\Program Files\MiKTeX 2.9\tex\generic\pgf\modules\pgfmoduleplot.code.tex"
File: pgfmoduleplot.code.tex 2015/08/03  (rcs-revision 1.13)
)
("C:\Program Files\MiKTeX 2.9\tex\latex\pgf\compatibility\pgfcomp-version-0-65.
sty"
Package: pgfcomp-version-0-65 2007/07/03 v3.0.1a (rcs-revision 1.7)
\pgf@nodesepstart=\dimen194
\pgf@nodesepend=\dimen195
)
("C:\Program Files\MiKTeX 2.9\tex\latex\pgf\compatibility\pgfcomp-version-1-18.
sty"
Package: pgfcomp-version-1-18 2007/07/23 v3.0.1a (rcs-revision 1.1)
)) ("C:\Program Files\MiKTeX 2.9\tex\latex\pgf\utilities\pgffor.sty"
("C:\Program Files\MiKTeX 2.9\tex\latex\pgf\utilities\pgfkeys.sty"
("C:\Program Files\MiKTeX 2.9\tex\generic\pgf\utilities\pgfkeys.code.tex"))
("C:\Program Files\MiKTeX 2.9\tex\latex\pgf\math\pgfmath.sty"
("C:\Program Files\MiKTeX 2.9\tex\generic\pgf\math\pgfmath.code.tex"))
("C:\Program Files\MiKTeX 2.9\tex\generic\pgf\utilities\pgffor.code.tex"
Package: pgffor 2013/12/13 v3.0.1a (rcs-revision 1.25)

("C:\Program Files\MiKTeX 2.9\tex\generic\pgf\math\pgfmath.code.tex")
\pgffor@iter=\dimen196
\pgffor@skip=\dimen197
\pgffor@stack=\toks43
\pgffor@toks=\toks44
))
("C:\Program Files\MiKTeX 2.9\tex\generic\pgf\frontendlayer\tikz\tikz.code.tex"
Package: tikz 2015/08/07 v3.0.1a (rcs-revision 1.151)

("C:\Program Files\MiKTeX 2.9\tex\generic\pgf\libraries\pgflibraryplothandlers.
code.tex"
File: pgflibraryplothandlers.code.tex 2013/08/31 v3.0.1a (rcs-revision 1.20)
\pgf@plot@mark@count=\count164
\pgfplotmarksize=\dimen198
)
\tikz@lastx=\dimen199
\tikz@lasty=\dimen256
\tikz@lastxsaved=\dimen257
\tikz@lastysaved=\dimen258
\tikzleveldistance=\dimen259
\tikzsiblingdistance=\dimen260
\tikz@figbox=\box55
\tikz@figbox@bg=\box56
\tikz@tempbox=\box57
\tikz@tempbox@bg=\box58
\tikztreelevel=\count165
\tikznumberofchildren=\count166
\tikznumberofcurrentchild=\count167
\tikz@fig@count=\count168

("C:\Program Files\MiKTeX 2.9\tex\generic\pgf\modules\pgfmodulematrix.code.tex"
File: pgfmodulematrix.code.tex 2013/09/17  (rcs-revision 1.8)
\pgfmatrixcurrentrow=\count169
\pgfmatrixcurrentcolumn=\count170
\pgf@matrix@numberofcolumns=\count171
)
\tikz@expandcount=\count172

("C:\Program Files\MiKTeX 2.9\tex\generic\pgf\frontendlayer\tikz\libraries\tikz
librarytopaths.code.tex"
File: tikzlibrarytopaths.code.tex 2008/06/17 v3.0.1a (rcs-revision 1.2)
)))
(C:/Users/Jonas/Documents/MikTeX/localtexmf\tex\latex\beamercolorthemeACON.sty
Package: beamercolorthemeACON 2016/12/09 ACON beamer theme
) (C:/Users/Jonas/Documents/MikTeX/localtexmf\tex\latex\beamerfontthemeACON.sty
Package: beamerfontthemeACON 2016/12/09 ACON beamer theme

("C:\Program Files\MiKTeX 2.9\tex\latex\cmbright\cmbright.sty"
Package: cmbright 2005/04/13 v8.1 (WaS)
LaTeX Font Info:    Redeclaring symbol font `operators' on input line 29.
LaTeX Font Info:    Overwriting symbol font `operators' in version `normal'
(Font)                  OT1/cmr/m/n --> OT1/cmbr/m/n on input line 29.
LaTeX Font Info:    Overwriting symbol font `operators' in version `bold'
(Font)                  OT1/cmr/bx/n --> OT1/cmbr/m/n on input line 29.
LaTeX Font Info:    Redeclaring symbol font `letters' on input line 30.
LaTeX Font Info:    Overwriting symbol font `letters' in version `normal'
(Font)                  OML/cmm/m/it --> OML/cmbrm/m/it on input line 30.
LaTeX Font Info:    Overwriting symbol font `letters' in version `bold'
(Font)                  OML/cmm/b/it --> OML/cmbrm/m/it on input line 30.
LaTeX Font Info:    Overwriting symbol font `letters' in version `bold'
(Font)                  OML/cmbrm/m/it --> OML/cmbrm/b/it on input line 31.
LaTeX Font Info:    Redeclaring symbol font `symbols' on input line 32.
LaTeX Font Info:    Overwriting symbol font `symbols' in version `normal'
(Font)                  OMS/cmsy/m/n --> OMS/cmbrs/m/n on input line 32.
LaTeX Font Info:    Overwriting symbol font `symbols' in version `bold'
(Font)                  OMS/cmsy/b/n --> OMS/cmbrs/m/n on input line 32.
LaTeX Font Info:    Redeclaring math alphabet \mathit on input line 33.
LaTeX Font Info:    Overwriting math alphabet `\mathit' in version `normal'
(Font)                  OT1/cmr/m/it --> OT1/cmbr/m/sl on input line 33.
LaTeX Font Info:    Overwriting math alphabet `\mathit' in version `bold'
(Font)                  OT1/cmr/bx/it --> OT1/cmbr/m/sl on input line 33.
LaTeX Font Info:    Redeclaring math alphabet \mathbf on input line 34.
LaTeX Font Info:    Overwriting math alphabet `\mathbf' in version `normal'
(Font)                  OT1/cmr/bx/n --> OT1/cmbr/bx/n on input line 34.
LaTeX Font Info:    Overwriting math alphabet `\mathbf' in version `bold'
(Font)                  OT1/cmr/bx/n --> OT1/cmbr/bx/n on input line 34.
LaTeX Font Info:    Redeclaring math alphabet \mathtt on input line 35.
LaTeX Font Info:    Overwriting math alphabet `\mathtt' in version `normal'
(Font)                  OT1/cmtt/m/n --> OT1/cmtl/m/n on input line 35.
LaTeX Font Info:    Overwriting math alphabet `\mathtt' in version `bold'
(Font)                  OT1/cmtt/m/n --> OT1/cmtl/m/n on input line 35.
LaTeX Font Info:    Redeclaring math symbol \alpha on input line 37.
LaTeX Font Info:    Redeclaring math symbol \beta on input line 38.
LaTeX Font Info:    Redeclaring math symbol \gamma on input line 39.
LaTeX Font Info:    Redeclaring math symbol \delta on input line 40.
LaTeX Font Info:    Redeclaring math symbol \epsilon on input line 41.
LaTeX Font Info:    Redeclaring math symbol \zeta on input line 42.
LaTeX Font Info:    Redeclaring math symbol \eta on input line 43.
LaTeX Font Info:    Redeclaring math symbol \theta on input line 44.
LaTeX Font Info:    Redeclaring math symbol \iota on input line 45.
LaTeX Font Info:    Redeclaring math symbol \kappa on input line 46.
LaTeX Font Info:    Redeclaring math symbol \lambda on input line 47.
LaTeX Font Info:    Redeclaring math symbol \mu on input line 48.
LaTeX Font Info:    Redeclaring math symbol \nu on input line 49.
LaTeX Font Info:    Redeclaring math symbol \xi on input line 50.
LaTeX Font Info:    Redeclaring math symbol \pi on input line 51.
LaTeX Font Info:    Redeclaring math symbol \rho on input line 52.
LaTeX Font Info:    Redeclaring math symbol \sigma on input line 53.
LaTeX Font Info:    Redeclaring math symbol \tau on input line 54.
LaTeX Font Info:    Redeclaring math symbol \upsilon on input line 55.
LaTeX Font Info:    Redeclaring math symbol \phi on input line 56.
LaTeX Font Info:    Redeclaring math symbol \chi on input line 57.
LaTeX Font Info:    Redeclaring math symbol \psi on input line 58.
LaTeX Font Info:    Redeclaring math symbol \omega on input line 59.
LaTeX Font Info:    Redeclaring math symbol \varepsilon on input line 60.
LaTeX Font Info:    Redeclaring math symbol \vartheta on input line 61.
LaTeX Font Info:    Redeclaring math symbol \varpi on input line 62.
LaTeX Font Info:    Redeclaring math symbol \varrho on input line 63.
LaTeX Font Info:    Redeclaring math symbol \varsigma on input line 64.
LaTeX Font Info:    Redeclaring math symbol \varphi on input line 65.
LaTeX Info: Redefining \LaTeX on input line 129.
LaTeX Info: Redefining \LaTeXe on input line 139.
LaTeX Font Info:    Try loading font information for OT1+cmbr on input line 144
.

("C:\Program Files\MiKTeX 2.9\tex\latex\cmbright\ot1cmbr.fd"
File: ot1cmbr.fd 2005/04/13 v8.1 (WaS)
))
("C:\Program Files\MiKTeX 2.9\tex\latex\base\fontenc.sty"
Package: fontenc 2017/04/05 v2.0i Standard LaTeX package

("C:\Program Files\MiKTeX 2.9\tex\latex\base\t1enc.def"
File: t1enc.def 2017/04/05 v2.0i Standard LaTeX file
LaTeX Font Info:    Redeclaring font encoding T1 on input line 48.
)
LaTeX Font Info:    Try loading font information for T1+cmbr on input line 105.


("C:\Program Files\MiKTeX 2.9\tex\latex\cmbright\t1cmbr.fd"
File: t1cmbr.fd 2005/04/13 v8.1 (WaS)
)))
("C:\Program Files\MiKTeX 2.9\tex\latex\beamer\beamerfontthemeserif.sty")
(C:/Users/Jonas/Documents/MikTeX/localtexmf\tex\latex\beamerinnerthemeACONboxes
.sty
Package: beamerinnerthemeACONboxes 2016/12/09 ACON beamer theme
)
(C:/Users/Jonas/Documents/MikTeX/localtexmf\tex\latex\beamerinnerthemeACONbulle
ts.sty
Package: beamerinnerthemeACONbullets 2016/12/09 ACON beamer theme
) ("C:\Program Files\MiKTeX 2.9\tex\generic\babel\babel.sty"
Package: babel 2018/06/05 3.22 The Babel package

("C:\Program Files\MiKTeX 2.9\tex\generic\babel\switch.def"
File: switch.def 2018/06/05 3.22 Babel switching mechanism
)
*************************************
* Local config file bblopts.cfg used
*
("C:\Program Files\MiKTeX 2.9\tex\latex\arabi\bblopts.cfg"
File: bblopts.cfg 2005/09/08 v0.1 add Arabic and Farsi to "declared" options of
 babel
)
("C:\Program Files\MiKTeX 2.9\tex\latex\babel-english\english.ldf"
Language: english 2017/06/06 v3.3r English support from the babel system

("C:\Program Files\MiKTeX 2.9\tex\generic\babel\babel.def"
File: babel.def 2018/06/05 3.22 Babel common definitions
\babel@savecnt=\count173
\U@D=\dimen261

("C:\Program Files\MiKTeX 2.9\tex\generic\babel\txtbabel.def")
LaTeX Info: Redefining \textlatin on input line 1915.
\bbl@dirlevel=\count174
)
\l@canadian = a dialect from \language\l@american 
\l@australian = a dialect from \language\l@british 
\l@newzealand = a dialect from \language\l@british 
)
("C:\Program Files\MiKTeX 2.9\tex\latex\babel-german\ngerman.ldf"
Language: ngerman 2018/03/29 v2.10 German support for babel (post-1996 orthogra
phy)

("C:\Program Files\MiKTeX 2.9\tex\latex\babel-german\ngermanb.ldf"
Language: ngermanb 2018/03/29 v2.10 German support for babel (post-1996 orthogr
aphy)
Package babel Info: Making " an active character on input line 121.
)))
("C:\Program Files\MiKTeX 2.9\tex\latex\biblatex\biblatex.sty"
Package: biblatex 2018/03/04 v3.11 programmable bibliographies (PK/MW)

("C:\Program Files\MiKTeX 2.9\tex\latex\logreq\logreq.sty"
Package: logreq 2010/08/04 v1.0 xml request logger
\lrq@indent=\count175

("C:\Program Files\MiKTeX 2.9\tex\latex\logreq\logreq.def"
File: logreq.def 2010/08/04 v1.0 logreq spec v1.0
))
("C:\Program Files\MiKTeX 2.9\tex\latex\xstring\xstring.sty"
("C:\Program Files\MiKTeX 2.9\tex\generic\xstring\xstring.tex"
\@xs@message=\write5
\integerpart=\count176
\decimalpart=\count177
)
Package: xstring 2013/10/13  v1.7c  String manipulations (C Tellechea)
)
\c@tabx@nest=\count178
\c@listtotal=\count179
\c@listcount=\count180
\c@liststart=\count181
\c@liststop=\count182
\c@citecount=\count183
\c@citetotal=\count184
\c@multicitecount=\count185
\c@multicitetotal=\count186
\c@instcount=\count187
\c@maxnames=\count188
\c@minnames=\count189
\c@maxitems=\count190
\c@minitems=\count191
\c@citecounter=\count192
\c@savedcitecounter=\count193
\c@uniquelist=\count194
\c@uniquename=\count195
\c@refsection=\count196
\c@refsegment=\count197
\c@maxextratitle=\count198
\c@maxextratitleyear=\count199
\c@maxextradate=\count266
\c@maxextraalpha=\count267
\c@abbrvpenalty=\count268
\c@highnamepenalty=\count269
\c@lownamepenalty=\count270
\c@maxparens=\count271
\c@parenlevel=\count272
\blx@tempcnta=\count273
\blx@tempcntb=\count274
\blx@tempcntc=\count275
\blx@maxsection=\count276
\blx@maxsegment@0=\count277
\blx@notetype=\count278
\blx@parenlevel@text=\count279
\blx@parenlevel@foot=\count280
\blx@sectionciteorder@0=\count281
\labelnumberwidth=\skip74
\labelalphawidth=\skip75
\biblabelsep=\skip76
\bibitemsep=\skip77
\bibnamesep=\skip78
\bibinitsep=\skip79
\bibparsep=\skip80
\bibhang=\skip81
\blx@bcfin=\read2
\blx@bcfout=\write6
\c@mincomprange=\count282
\c@maxcomprange=\count283
\c@mincompwidth=\count284
Package biblatex Info: Trying to load biblatex default data model...
Package biblatex Info: ... file 'blx-dm.def' found.

("C:\Program Files\MiKTeX 2.9\tex\latex\biblatex\blx-dm.def"
File: blx-dm.def 2018/03/04 v3.11 biblatex localization (PK/MW)
)
Package biblatex Info: Trying to load biblatex style data model...
Package biblatex Info: ... file 'numeric-comp.dbx' not found.
Package biblatex Info: Trying to load biblatex custom data model...
Package biblatex Info: ... file 'biblatex-dm.cfg' not found.
\c@afterword=\count285
\c@savedafterword=\count286
\c@annotator=\count287
\c@savedannotator=\count288
\c@author=\count289
\c@savedauthor=\count290
\c@bookauthor=\count291
\c@savedbookauthor=\count292
\c@commentator=\count293
\c@savedcommentator=\count294
\c@editor=\count295
\c@savededitor=\count296
\c@editora=\count297
\c@savededitora=\count298
\c@editorb=\count299
\c@savededitorb=\count300
\c@editorc=\count301
\c@savededitorc=\count302
\c@foreword=\count303
\c@savedforeword=\count304
\c@holder=\count305
\c@savedholder=\count306
\c@introduction=\count307
\c@savedintroduction=\count308
\c@namea=\count309
\c@savednamea=\count310
\c@nameb=\count311
\c@savednameb=\count312
\c@namec=\count313
\c@savednamec=\count314
\c@translator=\count315
\c@savedtranslator=\count316
\c@shortauthor=\count317
\c@savedshortauthor=\count318
\c@shorteditor=\count319
\c@savedshorteditor=\count320
\c@labelname=\count321
\c@savedlabelname=\count322
\c@institution=\count323
\c@savedinstitution=\count324
\c@lista=\count325
\c@savedlista=\count326
\c@listb=\count327
\c@savedlistb=\count328
\c@listc=\count329
\c@savedlistc=\count330
\c@listd=\count331
\c@savedlistd=\count332
\c@liste=\count333
\c@savedliste=\count334
\c@listf=\count335
\c@savedlistf=\count336
\c@location=\count337
\c@savedlocation=\count338
\c@organization=\count339
\c@savedorganization=\count340
\c@origlocation=\count341
\c@savedoriglocation=\count342
\c@origpublisher=\count343
\c@savedorigpublisher=\count344
\c@publisher=\count345
\c@savedpublisher=\count346
\c@language=\count347
\c@savedlanguage=\count348
\c@origlanguage=\count349
\c@savedoriglanguage=\count350
\c@pageref=\count351
\c@savedpageref=\count352
\shorthandwidth=\skip82
\shortjournalwidth=\skip83
\shortserieswidth=\skip84
\shorttitlewidth=\skip85
\shortauthorwidth=\skip86
\shorteditorwidth=\skip87
\locallabelnumberwidth=\skip88
\locallabelalphawidth=\skip89
\localshorthandwidth=\skip90
\localshortjournalwidth=\skip91
\localshortserieswidth=\skip92
\localshorttitlewidth=\skip93
\localshortauthorwidth=\skip94
\localshorteditorwidth=\skip95
Package biblatex Info: Trying to load compatibility code...
Package biblatex Info: ... file 'blx-compat.def' found.

("C:\Program Files\MiKTeX 2.9\tex\latex\biblatex\blx-compat.def"
File: blx-compat.def 2018/03/04 v3.11 biblatex compatibility (PK/MW)
)
Package biblatex Info: Trying to load generic definitions...
Package biblatex Info: ... file 'biblatex.def' found.

("C:\Program Files\MiKTeX 2.9\tex\latex\biblatex\biblatex.def"
File: biblatex.def 2018/03/04 v3.11 biblatex compatibility (PK/MW)
\c@textcitecount=\count353
\c@textcitetotal=\count354
\c@textcitemaxnames=\count355
\c@biburlnumpenalty=\count356
\c@biburlucpenalty=\count357
\c@biburllcpenalty=\count358
\c@smartand=\count359
)
Package biblatex Info: Trying to load bibliography style 'numeric-comp'...
Package biblatex Info: ... file 'numeric-comp.bbx' found.

("C:\Program Files\MiKTeX 2.9\tex\latex\biblatex\bbx\numeric-comp.bbx"
File: numeric-comp.bbx 2018/03/04 v3.11 biblatex bibliography style (PK/MW)
Package biblatex Info: Trying to load bibliography style 'numeric'...
Package biblatex Info: ... file 'numeric.bbx' found.

("C:\Program Files\MiKTeX 2.9\tex\latex\biblatex\bbx\numeric.bbx"
File: numeric.bbx 2018/03/04 v3.11 biblatex bibliography style (PK/MW)
Package biblatex Info: Trying to load bibliography style 'standard'...
Package biblatex Info: ... file 'standard.bbx' found.

("C:\Program Files\MiKTeX 2.9\tex\latex\biblatex\bbx\standard.bbx"
File: standard.bbx 2018/03/04 v3.11 biblatex bibliography style (PK/MW)
\c@bbx:relatedcount=\count360
\c@bbx:relatedtotal=\count361
)))
Package biblatex Info: Trying to load citation style 'numeric-comp'...
Package biblatex Info: ... file 'numeric-comp.cbx' found.

("C:\Program Files\MiKTeX 2.9\tex\latex\biblatex\cbx\numeric-comp.cbx"
File: numeric-comp.cbx 2018/03/04 v3.11 biblatex citation style (PK/MW)
\c@cbx@tempcnta=\count362
\c@cbx@tempcntb=\count363
Package biblatex Info: Redefining '\cite'.
Package biblatex Info: Redefining '\parencite'.
Package biblatex Info: Redefining '\footcite'.
Package biblatex Info: Redefining '\footcitetext'.
Package biblatex Info: Redefining '\smartcite'.
Package biblatex Info: Redefining '\supercite'.
Package biblatex Info: Redefining '\textcite'.
Package biblatex Info: Redefining '\textcites'.
Package biblatex Info: Redefining '\cites'.
Package biblatex Info: Redefining '\parencites'.
Package biblatex Info: Redefining '\smartcites'.
)
Package biblatex Info: Trying to load configuration file...
Package biblatex Info: ... file 'biblatex.cfg' found.

("C:\Program Files\MiKTeX 2.9\tex\latex\biblatex\biblatex.cfg"
File: biblatex.cfg 
))
\acon@ypos=\dimen262
\acon@mybox=\box59
\pagenum=\skip96
)
(abbreviations.sty) ("C:\Program Files\MiKTeX 2.9\tex\latex\curve2e\curve2e.sty
"
Package: curve2e 2015/07/11 v.1.60 Extension package for pict2e
 ("C:\Program Files\MiKTeX 2.9\tex\latex\pict2e\pict2e.sty"
Package: pict2e 2016/02/05 v0.3b Improved picture commands (HjG,RN,JT)

("C:\Program Files\MiKTeX 2.9\tex\latex\pict2e\pict2e.cfg"
File: pict2e.cfg 2016/02/05 v0.1u pict2e configuration for teTeX/TeXLive
)
Package pict2e Info: Driver file: pdftex.def on input line 119.
Package pict2e Info: Driver file for pict2e: p2e-pdftex.def on input line 121.

("C:\Program Files\MiKTeX 2.9\tex\latex\pict2e\p2e-pdftex.def"
File: p2e-pdftex.def 2016/02/05 v0.1u Driver-dependant file (RN,HjG,JT)
)
\pIIe@GRAPH=\toks45
\@arclen=\dimen263
\@arcrad=\dimen264
\@tempdimd=\dimen265
)
\@tdA=\dimen266
\@tdB=\dimen267
\@tdC=\dimen268
\@tdD=\dimen269
\@tdE=\dimen270
\@tdF=\dimen271
\defaultlinewidth=\dimen272
)
("C:\Program Files\MiKTeX 2.9\tex\latex\media9\media9.sty"
("C:\Program Files\MiKTeX 2.9\tex\latex\l3kernel\expl3.sty"
Package: expl3 2018-06-14 L3 programming layer (loader) 

("C:\Program Files\MiKTeX 2.9\tex\latex\l3kernel\expl3-code.tex"
Package: expl3 2018-06-14 L3 programming layer (code)
\c_max_int=\count364
\l_tmpa_int=\count365
\l_tmpb_int=\count366
\g_tmpa_int=\count367
\g_tmpb_int=\count368
\g__kernel_prg_map_int=\count369
\c_log_iow=\count370
\l_iow_line_count_int=\count371
\l__iow_line_target_int=\count372
\l__iow_one_indent_int=\count373
\l__iow_indent_int=\count374
\c_zero_dim=\dimen273
\c_max_dim=\dimen274
\l_tmpa_dim=\dimen275
\l_tmpb_dim=\dimen276
\g_tmpa_dim=\dimen277
\g_tmpb_dim=\dimen278
\c_zero_skip=\skip97
\c_max_skip=\skip98
\l_tmpa_skip=\skip99
\l_tmpb_skip=\skip100
\g_tmpa_skip=\skip101
\g_tmpb_skip=\skip102
\c_zero_muskip=\muskip12
\c_max_muskip=\muskip13
\l_tmpa_muskip=\muskip14
\l_tmpb_muskip=\muskip15
\g_tmpa_muskip=\muskip16
\g_tmpb_muskip=\muskip17
\l_keys_choice_int=\count375
\l__intarray_loop_int=\count376
\c__intarray_sp_dim=\dimen279
\g__intarray_font_int=\count377
\c__fp_leading_shift_int=\count378
\c__fp_middle_shift_int=\count379
\c__fp_trailing_shift_int=\count380
\c__fp_big_leading_shift_int=\count381
\c__fp_big_middle_shift_int=\count382
\c__fp_big_trailing_shift_int=\count383
\c__fp_Bigg_leading_shift_int=\count384
\c__fp_Bigg_middle_shift_int=\count385
\c__fp_Bigg_trailing_shift_int=\count386
\c__kernel_randint_max_int=\count387
\g__fp_array_int=\count388
\l__fp_array_loop_int=\count389
\l__sort_length_int=\count390
\l__sort_min_int=\count391
\l__sort_top_int=\count392
\l__sort_max_int=\count393
\l__sort_true_max_int=\count394
\l__sort_block_int=\count395
\l__sort_begin_int=\count396
\l__sort_end_int=\count397
\l__sort_A_int=\count398
\l__sort_B_int=\count399
\l__sort_C_int=\count400
\l__tl_analysis_normal_int=\count401
\l__tl_analysis_index_int=\count402
\l__tl_analysis_nesting_int=\count403
\l__tl_analysis_type_int=\count404
\l__regex_internal_a_int=\count405
\l__regex_internal_b_int=\count406
\l__regex_internal_c_int=\count407
\l__regex_balance_int=\count408
\l__regex_group_level_int=\count409
\l__regex_mode_int=\count410
\c__regex_cs_in_class_mode_int=\count411
\c__regex_cs_mode_int=\count412
\l__regex_catcodes_int=\count413
\l__regex_default_catcodes_int=\count414
\c__regex_catcode_D_int=\count415
\c__regex_catcode_S_int=\count416
\c__regex_catcode_L_int=\count417
\c__regex_catcode_O_int=\count418
\c__regex_catcode_A_int=\count419
\c__regex_all_catcodes_int=\count420
\l__regex_show_lines_int=\count421
\l__regex_min_state_int=\count422
\l__regex_max_state_int=\count423
\l__regex_left_state_int=\count424
\l__regex_right_state_int=\count425
\l__regex_capturing_group_int=\count426
\l__regex_min_pos_int=\count427
\l__regex_max_pos_int=\count428
\l__regex_curr_pos_int=\count429
\l__regex_start_pos_int=\count430
\l__regex_success_pos_int=\count431
\l__regex_curr_char_int=\count432
\l__regex_curr_catcode_int=\count433
\l__regex_last_char_int=\count434
\l__regex_case_changed_char_int=\count435
\l__regex_curr_state_int=\count436
\l__regex_step_int=\count437
\l__regex_min_active_int=\count438
\l__regex_max_active_int=\count439
\l__regex_replacement_csnames_int=\count440
\l__regex_match_count_int=\count441
\l__regex_min_submatch_int=\count442
\l__regex_submatch_int=\count443
\l__regex_zeroth_submatch_int=\count444
\g__regex_trace_regex_int=\count445
\c_empty_box=\box60
\l_tmpa_box=\box61
\l_tmpb_box=\box62
\g_tmpa_box=\box63
\g_tmpb_box=\box64
\l__box_top_dim=\dimen280
\l__box_bottom_dim=\dimen281
\l__box_left_dim=\dimen282
\l__box_right_dim=\dimen283
\l__box_top_new_dim=\dimen284
\l__box_bottom_new_dim=\dimen285
\l__box_left_new_dim=\dimen286
\l__box_right_new_dim=\dimen287
\l__box_internal_box=\box65
\l__coffin_internal_box=\box66
\l__coffin_internal_dim=\dimen288
\l__coffin_offset_x_dim=\dimen289
\l__coffin_offset_y_dim=\dimen290
\l__coffin_x_dim=\dimen291
\l__coffin_y_dim=\dimen292
\l__coffin_x_prime_dim=\dimen293
\l__coffin_y_prime_dim=\dimen294
\c_empty_coffin=\box67
\l__coffin_aligned_coffin=\box68
\l__coffin_aligned_internal_coffin=\box69
\l_tmpa_coffin=\box70
\l_tmpb_coffin=\box71
\l__coffin_display_coffin=\box72
\l__coffin_display_coord_coffin=\box73
\l__coffin_display_pole_coffin=\box74
\l__coffin_display_offset_dim=\dimen295
\l__coffin_display_x_dim=\dimen296
\l__coffin_display_y_dim=\dimen297
\g__file_internal_ior=\read3
\l__coffin_bounding_shift_dim=\dimen298
\l__coffin_left_corner_dim=\dimen299
\l__coffin_right_corner_dim=\dimen300
\l__coffin_bottom_corner_dim=\dimen301
\l__coffin_top_corner_dim=\dimen302
\l__coffin_scaled_total_height_dim=\dimen303
\l__coffin_scaled_width_dim=\dimen304
\l__seq_internal_a_int=\count446
\l__seq_internal_b_int=\count447
)
("C:\Program Files\MiKTeX 2.9\tex\latex\l3kernel\l3pdfmode.def"
File: l3pdfmode.def 2018-06-14 v L3 Experimental driver: PDF mode
\l__driver_color_stack_int=\count448
))
("C:\Program Files\MiKTeX 2.9\tex\latex\l3packages\l3keys2e\l3keys2e.sty"
Package: l3keys2e 2018-05-12 LaTeX2e option processing using LaTeX3 keys
)
("C:\Program Files\MiKTeX 2.9\tex\latex\l3packages\xparse\xparse.sty"
Package: xparse 2018-05-12 L3 Experimental document command parser
\l__xparse_current_arg_int=\count449
\g__xparse_grabber_int=\count450
\l__xparse_m_args_int=\count451
\l__xparse_mandatory_args_int=\count452
\l__xparse_v_nesting_int=\count453
)
Package: media9 2018/06/07 v0.93 acrobat-9/X compatible media
\g_mix_pkgresizeflag_int=\count454

("C:\Program Files\MiKTeX 2.9\tex\latex\media9\pdfbase.sty"
Package: pdfbase 2018/06/07 v0.24 driver independent access to low-level PDF fe
atures
\g_pbs_page_int=\count455
\g_pbs_oc_int=\count456
)
("C:\Program Files\MiKTeX 2.9\tex\latex\ocgx2\ocgbase.sty"
Package: ocgbase 2018/06/07 v0.14 support package for ocgx2.sty
\g_ocgbase_nd_int=\count457
)
\l_mix_poster_box=\box75
\g_mix_wd_dim=\dimen305
\g_mix_ht_dim=\dimen306
\g_mix_dp_dim=\dimen307
\g_mix_rmcnt_int=\count458
\l_mix_viewcnt_int=\count459
\g@mix@page@int=\count460
\g_mix_resizeflag_int=\count461
\l_mix_lineno_int=\count462
.................................................
. LaTeX info: "xparse/define-command"
. 
. Defining command \addmediapath with sig. 'm' on line 804.
.................................................
\l_mix_pbtn_box=\box76
\mix@btn@dim=\dimen308
.................................................
. LaTeX info: "xparse/define-command"
. 
. Defining command \includemedia with sig. 'O{}mm' on line 1212.
.................................................
\g_mix_mbtncnt_int=\count463
.................................................
. LaTeX info: "xparse/define-command"
. 
. Defining command \mediabutton with sig. 'O{}m' on line 2418.
.................................................
)
("C:\Program Files\MiKTeX 2.9\tex\latex\circuitikz\circuitikz.sty"
Package: circuitikz 2017/05/28{} The CircuiTikz circuit drawing package version
 0.8.3

("C:\Program Files\MiKTeX 2.9\tex\generic\pgf\frontendlayer\tikz\libraries\tikz
librarycalc.code.tex"
File: tikzlibrarycalc.code.tex 2013/07/15 v3.0.1a (rcs-revision 1.9)
)
("C:\Program Files\MiKTeX 2.9\tex\generic\pgf\libraries\pgflibraryarrows.code.t
ex"
File: pgflibraryarrows.code.tex 2013/09/23 v3.0.1a (rcs-revision 1.16)
\arrowsize=\dimen309
) ("C:\Program Files\MiKTeX 2.9\tex\generic\circuitikz\pgfcirc.defines.tex"
\pgf@circ@res@up=\dimen310
\pgf@circ@res@down=\dimen311
\pgf@circ@res@zero=\dimen312
\pgf@circ@res@left=\dimen313
\pgf@circ@res@right=\dimen314
\pgf@circ@res@other=\dimen315
\pgf@circ@res@step=\dimen316
\pgf@circ@res@temp=\dimen317
\pgfstartlinewidth=\dimen318
\pgf@circ@Rlen=\dimen319
) ("C:\Program Files\MiKTeX 2.9\tex\generic\circuitikz\pgfcircutils.tex")
("C:\Program Files\MiKTeX 2.9\tex\generic\circuitikz\pgfcircshapes.tex")
("C:\Program Files\MiKTeX 2.9\tex\generic\circuitikz\pgfcircmonopoles.tex")
("C:\Program Files\MiKTeX 2.9\tex\generic\circuitikz\pgfcircbipoles.tex")
("C:\Program Files\MiKTeX 2.9\tex\generic\circuitikz\pgfcirctripoles.tex")
("C:\Program Files\MiKTeX 2.9\tex\generic\circuitikz\pgfcircquadpoles.tex")
("C:\Program Files\MiKTeX 2.9\tex\generic\circuitikz\pgfcirclabel.tex")
("C:\Program Files\MiKTeX 2.9\tex\generic\circuitikz\pgfcircvoltage.tex")
("C:\Program Files\MiKTeX 2.9\tex\generic\circuitikz\pgfcirccurrent.tex")
("C:\Program Files\MiKTeX 2.9\tex\generic\circuitikz\pgfcircflow.tex")
("C:\Program Files\MiKTeX 2.9\tex\generic\circuitikz\pgfcircpath.tex"))
("C:\Program Files\MiKTeX 2.9\tex\latex\forest\forest.sty"
Package: forest 2017/07/14 v2.1.5 Drawing (linguistic) trees

("C:\Program Files\MiKTeX 2.9\tex\generic\pgf\frontendlayer\tikz\libraries\tikz
libraryshapes.code.tex"
File: tikzlibraryshapes.code.tex 2008/01/09 v3.0.1a (rcs-revision 1.1)

("C:\Program Files\MiKTeX 2.9\tex\generic\pgf\frontendlayer\tikz\libraries\tikz
libraryshapes.geometric.code.tex"
File: tikzlibraryshapes.geometric.code.tex 2008/01/09 v3.0.1a (rcs-revision 1.1
)

("C:\Program Files\MiKTeX 2.9\tex\generic\pgf\libraries\shapes\pgflibraryshapes
.geometric.code.tex"
File: pgflibraryshapes.geometric.code.tex 2008/06/26 v3.0.1a (rcs-revision 1.1)

))
("C:\Program Files\MiKTeX 2.9\tex\generic\pgf\frontendlayer\tikz\libraries\tikz
libraryshapes.misc.code.tex"
File: tikzlibraryshapes.misc.code.tex 2008/01/09 v3.0.1a (rcs-revision 1.1)

("C:\Program Files\MiKTeX 2.9\tex\generic\pgf\libraries\shapes\pgflibraryshapes
.misc.code.tex"
File: pgflibraryshapes.misc.code.tex 2013/07/18 v3.0.1a (rcs-revision 1.5)
))
("C:\Program Files\MiKTeX 2.9\tex\generic\pgf\frontendlayer\tikz\libraries\tikz
libraryshapes.symbols.code.tex"
File: tikzlibraryshapes.symbols.code.tex 2008/01/09 v3.0.1a (rcs-revision 1.1)

("C:\Program Files\MiKTeX 2.9\tex\generic\pgf\libraries\shapes\pgflibraryshapes
.symbols.code.tex"
File: pgflibraryshapes.symbols.code.tex 2013/09/11 v3.0.1a (rcs-revision 1.6)
))
("C:\Program Files\MiKTeX 2.9\tex\generic\pgf\frontendlayer\tikz\libraries\tikz
libraryshapes.arrows.code.tex"
File: tikzlibraryshapes.arrows.code.tex 2008/01/09 v3.0.1a (rcs-revision 1.1)

("C:\Program Files\MiKTeX 2.9\tex\generic\pgf\libraries\shapes\pgflibraryshapes
.arrows.code.tex"
File: pgflibraryshapes.arrows.code.tex 2008/06/26 v3.0.1a (rcs-revision 1.1)
))
("C:\Program Files\MiKTeX 2.9\tex\generic\pgf\frontendlayer\tikz\libraries\tikz
libraryshapes.callouts.code.tex"
("C:\Program Files\MiKTeX 2.9\tex\generic\pgf\libraries\shapes\pgflibraryshapes
.callouts.code.tex"))
("C:\Program Files\MiKTeX 2.9\tex\generic\pgf\frontendlayer\tikz\libraries\tikz
libraryshapes.multipart.code.tex"
File: tikzlibraryshapes.multipart.code.tex 2008/01/09 v3.0.1a (rcs-revision 1.1
)

("C:\Program Files\MiKTeX 2.9\tex\generic\pgf\libraries\shapes\pgflibraryshapes
.multipart.code.tex"
File: pgflibraryshapes.multipart.code.tex 2010/01/07 v3.0.1a (rcs-revision 1.2)

\pgfnodepartlowerbox=\box77
\pgfnodeparttwobox=\box78
\pgfnodepartthreebox=\box79
\pgfnodepartfourbox=\box80
\pgfnodeparttwentybox=\box81
\pgfnodepartnineteenbox=\box82
\pgfnodeparteighteenbox=\box83
\pgfnodepartseventeenbox=\box84
\pgfnodepartsixteenbox=\box85
\pgfnodepartfifteenbox=\box86
\pgfnodepartfourteenbox=\box87
\pgfnodepartthirteenbox=\box88
\pgfnodeparttwelvebox=\box89
\pgfnodepartelevenbox=\box90
\pgfnodeparttenbox=\box91
\pgfnodepartninebox=\box92
\pgfnodeparteightbox=\box93
\pgfnodepartsevenbox=\box94
\pgfnodepartsixbox=\box95
\pgfnodepartfivebox=\box96
)))
("C:\Program Files\MiKTeX 2.9\tex\generic\pgf\frontendlayer\tikz\libraries\tikz
libraryfit.code.tex"
File: tikzlibraryfit.code.tex 2013/07/12 v3.0.1a (rcs-revision 1.5)
)
("C:\Program Files\MiKTeX 2.9\tex\generic\pgf\libraries\pgflibraryintersections
.code.tex"
("C:\Program Files\MiKTeX 2.9\tex\generic\pgf\libraries\pgflibraryfpu.code.tex"
)
\pgf@intersect@solutions=\count464
) ("C:\Program Files\MiKTeX 2.9\tex\latex\pgfopts\pgfopts.sty"
Package: pgfopts 2014/07/10 v2.1a LaTeX package options with pgfkeys
\pgfopts@list@add@a@toks=\toks46
\pgfopts@list@add@b@toks=\toks47
)
("C:\Program Files\MiKTeX 2.9\tex\latex\elocalloc\elocalloc.sty"
Package: elocalloc 2016/12/15 v0.03 local allocation for LaTeX 2015+ (DPC)
)
("C:\Program Files\MiKTeX 2.9\tex\latex\environ\environ.sty"
Package: environ 2014/05/04 v0.3 A new way to define environments

("C:\Program Files\MiKTeX 2.9\tex\latex\trimspaces\trimspaces.sty"
Package: trimspaces 2009/09/17 v1.1 Trim spaces around a token list
))
("C:\Program Files\MiKTeX 2.9\tex\latex\inlinedef\inlinedef.sty"
Package: inlinedef 2008/07/10 v1.0 Inlined expansions within definitions
\ID@toks=\toks48
\ID@count=\count465
)
\ID@usercommands=\toks49
.................................................
. LaTeX info: "xparse/define-command"
. 
. Defining command \useforestlibrary with sig. 's O{} m' on line 166.
.................................................
.................................................
. LaTeX info: "xparse/define-command"
. 
. Defining command \ProvidesForestLibrary with sig. 'm O{}' on line 176.
.................................................
\safeloop@depth=\count466
\safeRKloop@depth=\count467
\forest@temp@dimen=\dimen320
\forest@temp@count=\count468
\forest@n=\count469
\forest@temp@global@count=\count470
\forest@temp@toks=\toks50
\forest@temparray@M=\count471
\forest@temparray@N=\count472
\forest@global@temparray@M=\count473
\forest@global@temparray@N=\count474
\forest@isnum@count=\count475
\forest@isdim@nonintpart=\count476
\forest@isdim@dimen=\dimen321
\forest@sort@m=\count477
\forest@sort@k=\count478
\forest@sort@p=\count479
\bracket@content=\toks51
\bracket@afterthought=\toks52
\forest@node@maxid=\count480
.................................................
. LaTeX info: "xparse/define-command"
. 
. Defining command \forestdebugtypeouttrees with sig. 'o' on line 2303.
.................................................
.................................................
. LaTeX info: "xparse/define-command"
. 
. Defining command \forestdebugtypeouttree with sig. 'd() O{\forest@cn }' on
. line 2348.
.................................................
\forest@process@left@M=\count481
\forest@process@left@N=\count482
\forest@process@right@M=\count483
\forest@process@right@N=\count484
\forest@process@saved@M=\count485
\forest@process@saved@N=\count486
\forest@process@result@M=\count487
\forest@process@result@N=\count488
\forest@process@n=\count489
\forest@nodewalk@branch@toks=\toks53
\forest@nodewalk@shortsteps@resolution=\toks54
\forest@do@dynamics=\toks55
\forest@box=\box97
\forest@xg=\dimen322
\forest@yg=\dimen323
\forest@xs=\dimen324
\forest@ys=\dimen325
\forest@pi@toks=\toks56
\forest@segment@toks=\toks57
\forest@PIi@toks=\toks58
\forest@PIii@toks=\toks59
\forest@copy@in=\read4
\forest@copy@out=\write7
.................................................
. LaTeX info: "xparse/define-environment"
. 
. Defining environment 'forest' with sig. 'D(){}' on line 8510.
.................................................
.................................................
. LaTeX info: "xparse/define-command"
. 
. Defining command \Forest with sig. 's D(){} m' on line 8515.
.................................................
\forest@externalize@max@outer@n=\count490
\forest@externalize@inner@n=\count491
)
("C:\Program Files\MiKTeX 2.9\tex\latex\forest\forest-lib-edges.sty"
Package: forest-lib-edges 2016/12/05 v0.1.1
)
\Size=\skip103
Package biblatex Info: Trying to load language 'ngerman'...
Package biblatex Info: ... file 'ngerman.lbx' found.

("C:\Program Files\MiKTeX 2.9\tex\latex\biblatex\lbx\ngerman.lbx"
File: ngerman.lbx 2018/03/04 v3.11 biblatex localization (PK/MW)
Package biblatex Info: Trying to load language 'german'...
Package biblatex Info: ... file 'german.lbx' found.

("C:\Program Files\MiKTeX 2.9\tex\latex\biblatex\lbx\german.lbx"
File: german.lbx 2018/03/04 v3.11 biblatex localization (PK/MW)
)
Package biblatex Info: Trying to load language 'german'...
Package biblatex Info: ... file 'german.lbx' found.

("C:\Program Files\MiKTeX 2.9\tex\latex\biblatex\lbx\german.lbx"
File: german.lbx 2018/03/04 v3.11 biblatex localization (PK/MW)
))
Package biblatex Info: Trying to load language 'english'...
Package biblatex Info: ... file 'english.lbx' found.

("C:\Program Files\MiKTeX 2.9\tex\latex\biblatex\lbx\english.lbx"
File: english.lbx 2018/03/04 v3.11 biblatex localization (PK/MW)
)

Package biblatex Warning: 'babel/polyglossia' detected but 'csquotes' missing.
(biblatex)                Loading 'csquotes' recommended.

\@quotelevel=\count492
\@quotereset=\count493
(presentation_BA_JW.aux

LaTeX Warning: Label `eq:lif' multiply defined.


LaTeX Warning: Label `eq:lif_current_in' multiply defined.


LaTeX Warning: Label `eq:chem_syn_current' multiply defined.


LaTeX Warning: Label `eq:gap_syn_current' multiply defined.

)
\openout1 = `presentation_BA_JW.aux'.

LaTeX Font Info:    Checking defaults for OML/cmm/m/it on input line 111.
LaTeX Font Info:    ... okay on input line 111.
LaTeX Font Info:    Checking defaults for T1/cmr/m/n on input line 111.
LaTeX Font Info:    ... okay on input line 111.
LaTeX Font Info:    Checking defaults for OT1/cmr/m/n on input line 111.
LaTeX Font Info:    ... okay on input line 111.
LaTeX Font Info:    Checking defaults for OMS/cmsy/m/n on input line 111.
LaTeX Font Info:    ... okay on input line 111.
LaTeX Font Info:    Checking defaults for OMX/cmex/m/n on input line 111.
LaTeX Font Info:    ... okay on input line 111.
LaTeX Font Info:    Checking defaults for U/cmr/m/n on input line 111.
LaTeX Font Info:    ... okay on input line 111.
LaTeX Font Info:    Checking defaults for PD1/pdf/m/n on input line 111.
LaTeX Font Info:    ... okay on input line 111.

*geometry* driver: auto-detecting
*geometry* detected driver: pdftex
*geometry* verbose mode - [ preamble ] result:
* driver: pdftex
* paper: custom
* layout: <same size as paper>
* layoutoffset:(h,v)=(0.0pt,0.0pt)
* modes: includehead includefoot 
* h-part:(L,W,R)=(14.22636pt, 426.79135pt, 14.22636pt)
* v-part:(T,H,B)=(0.0pt, 284.52756pt, 0.0pt)
* \paperwidth=455.24408pt
* \paperheight=284.52756pt
* \textwidth=426.79135pt
* \textheight=256.07483pt
* \oddsidemargin=-58.04362pt
* \evensidemargin=-58.04362pt
* \topmargin=-72.26999pt
* \headheight=14.22636pt
* \headsep=0.0pt
* \topskip=10.0pt
* \footskip=14.22636pt
* \marginparwidth=3.0pt
* \marginparsep=11.0pt
* \columnsep=10.0pt
* \skip\footins=9.0pt plus 4.0pt minus 2.0pt
* \hoffset=0.0pt
* \voffset=0.0pt
* \mag=1000
* \@twocolumnfalse
* \@twosidefalse
* \@mparswitchfalse
* \@reversemarginfalse
* (1in=72.27pt=25.4mm, 1cm=28.453pt)

("C:\Program Files\MiKTeX 2.9\tex\context\base\supp-pdf.mkii"
[Loading MPS to PDF converter (version 2006.09.02).]
\scratchcounter=\count494
\scratchdimen=\dimen326
\scratchbox=\box98
\nofMPsegments=\count495
\nofMParguments=\count496
\everyMPshowfont=\toks60
\MPscratchCnt=\count497
\MPscratchDim=\dimen327
\MPnumerator=\count498
\makeMPintoPDFobject=\count499
\everyMPtoPDFconversion=\toks61
) ("C:\Program Files\MiKTeX 2.9\tex\latex\oberdiek\epstopdf-base.sty"
Package: epstopdf-base 2016/05/15 v2.6 Base part for package epstopdf

("C:\Program Files\MiKTeX 2.9\tex\latex\oberdiek\grfext.sty"
Package: grfext 2016/05/16 v1.2 Manage graphics extensions (HO)
)
Package epstopdf-base Info: Redefining graphics rule for `.eps' on input line 4
38.
Package grfext Info: Graphics extension search list:
(grfext)             [.pdf,.png,.jpg,.mps,.jpeg,.jbig2,.jb2,.PDF,.PNG,.JPG,.JPE
G,.JBIG2,.JB2,.eps]
(grfext)             \AppendGraphicsExtensions on input line 456.
)
ABD: EveryShipout initializing macros
\AtBeginShipoutBox=\box99
Package hyperref Info: Link coloring OFF on input line 111.

("C:\Program Files\MiKTeX 2.9\tex\latex\hyperref\nameref.sty"
Package: nameref 2016/05/21 v2.44 Cross-referencing by name of section

("C:\Program Files\MiKTeX 2.9\tex\generic\oberdiek\gettitlestring.sty"
Package: gettitlestring 2016/05/16 v1.5 Cleanup title references (HO)
)
\c@section@level=\count500
)
LaTeX Info: Redefining \ref on input line 111.
LaTeX Info: Redefining \pageref on input line 111.
LaTeX Info: Redefining \nameref on input line 111.

(presentation_BA_JW.out) (presentation_BA_JW.out)
\@outlinefile=\write8
\openout8 = `presentation_BA_JW.out'.


("C:\Program Files\MiKTeX 2.9\tex\latex\translator\translator-basic-dictionary-
English.dict"
Dictionary: translator-basic-dictionary, Language: English 
)
("C:\Program Files\MiKTeX 2.9\tex\latex\translator\translator-bibliography-dict
ionary-English.dict"
Dictionary: translator-bibliography-dictionary, Language: English 
)
("C:\Program Files\MiKTeX 2.9\tex\latex\translator\translator-environment-dicti
onary-English.dict"
Dictionary: translator-environment-dictionary, Language: English 
)
("C:\Program Files\MiKTeX 2.9\tex\latex\translator\translator-months-dictionary
-English.dict"
Dictionary: translator-months-dictionary, Language: English 
)
("C:\Program Files\MiKTeX 2.9\tex\latex\translator\translator-numbers-dictionar
y-English.dict"
Dictionary: translator-numbers-dictionary, Language: English 
)
("C:\Program Files\MiKTeX 2.9\tex\latex\translator\translator-theorem-dictionar
y-English.dict"
Dictionary: translator-theorem-dictionary, Language: English 
) ABD: EverySelectfont initializing macros
LaTeX Info: Redefining \selectfont on input line 111.
Package biblatex Info: Input encoding 'utf8' detected.
Package biblatex Info: Automatic encoding selection.
(biblatex)             Assuming data encoding 'utf8'.
\openout6 = `presentation_BA_JW.bcf'.

Package biblatex Info: Trying to load bibliographic data...
Package biblatex Info: ... file 'presentation_BA_JW.bbl' found.

(presentation_BA_JW.bbl)
Package biblatex Info: Reference section=0 on input line 111.
Package biblatex Info: Reference segment=0 on input line 111.
 (presentation_BA_JW.nav)
Overfull \hbox (1.17432pt too wide) detected at line 111
[]  
 []

<tf_siegel.png, id=13, 695.09123pt x 694.27922pt>
File: tf_siegel.png Graphic file (type png)
<use tf_siegel.png>
Package pdftex.def Info: tf_siegel.png  used on input line 117.
(pdftex.def)             Requested size: 149.54776pt x 149.37697pt.
<cau_hochhaus_opacity.png, id=15, 1606.0pt x 546.04pt>
File: cau_hochhaus_opacity.png Graphic file (type png)
<use cau_hochhaus_opacity.png>
Package pdftex.def Info: cau_hochhaus_opacity.png  used on input line 117.
(pdftex.def)             Requested size: 466.12016pt x 158.48206pt.

Overfull \hbox (28.45273pt too wide) in paragraph at lines 117--117
[][][]  
 []


Overfull \vbox (5.69046pt too high) detected at line 117
 []

[1

{C:/Users/Jonas/AppData/Local/MiKTeX/2.9/pdftex/config/pdftex.map} <C:/Users/Jo
nas/Documents/MikTeX/localtexmf/tex/latex/figures/tf_siegel.png> <C:/Users/Jona
s/Documents/MikTeX/localtexmf/tex/latex/figures/cau_hochhaus_opacity.png>]
<figures/folie_1/bnn.pdf, id=29, 501.875pt x 501.875pt>
File: figures/folie_1/bnn.pdf Graphic file (type pdf)
<use figures/folie_1/bnn.pdf>
Package pdftex.def Info: figures/folie_1/bnn.pdf  used on input line 145.
(pdftex.def)             Requested size: 128.0374pt x 128.03386pt.
<figures/folie_1/rl.pdf, id=30, 501.875pt x 501.875pt>
File: figures/folie_1/rl.pdf Graphic file (type pdf)
<use figures/folie_1/rl.pdf>
Package pdftex.def Info: figures/folie_1/rl.pdf  used on input line 145.
(pdftex.def)             Requested size: 128.0374pt x 128.03386pt.
<figures/folie_1/cartpole.pdf, id=31, 501.875pt x 501.875pt>
File: figures/folie_1/cartpole.pdf Graphic file (type pdf)
<use figures/folie_1/cartpole.pdf>
Package pdftex.def Info: figures/folie_1/cartpole.pdf  used on input line 145.
(pdftex.def)             Requested size: 128.0374pt x 128.03386pt.

Overfull \hbox (1.17432pt too wide) has occurred while \output is active
[]  
 []

[2

 <./figures/folie_1/bnn.pdf> <./figures/folie_1/rl.pdf> <./figures/folie_1/cart
pole.pdf>]
File: figures/folie_1/bnn.pdf Graphic file (type pdf)
<use figures/folie_1/bnn.pdf>
Package pdftex.def Info: figures/folie_1/bnn.pdf  used on input line 168.
(pdftex.def)             Requested size: 128.0374pt x 128.03386pt.
<icons/003-arrow.pdf, id=87, 50.1875pt x 50.1875pt>
File: icons/003-arrow.pdf Graphic file (type pdf)
<use icons/003-arrow.pdf>
Package pdftex.def Info: icons/003-arrow.pdf  used on input line 168.
(pdftex.def)             Requested size: 11.00006pt x 10.99992pt.
File: icons/003-arrow.pdf Graphic file (type pdf)
<use icons/003-arrow.pdf>
Package pdftex.def Info: icons/003-arrow.pdf  used on input line 168.
(pdftex.def)             Requested size: 11.00006pt x 10.99992pt.
File: icons/003-arrow.pdf Graphic file (type pdf)
<use icons/003-arrow.pdf>
Package pdftex.def Info: icons/003-arrow.pdf  used on input line 168.
(pdftex.def)             Requested size: 11.00006pt x 10.99992pt.

Overfull \hbox (1.17432pt too wide) has occurred while \output is active
[]  
 []

[3

 <./icons/003-arrow.pdf>]
<figures/folie_2/neuron_is.pdf, id=104, 569.05513pt x 284.52756pt>
File: figures/folie_2/neuron_is.pdf Graphic file (type pdf)
<use figures/folie_2/neuron_is.pdf>
Package pdftex.def Info: figures/folie_2/neuron_is.pdf  used on input line 189.

(pdftex.def)             Requested size: 204.85974pt x 102.42984pt.

Overfull \hbox (1.17432pt too wide) has occurred while \output is active
[]  
 []

[4

 <./figures/folie_2/neuron_is.pdf>]
<figures/folie_3/synapse_is.pdf, id=120, 569.05513pt x 213.39566pt>
File: figures/folie_3/synapse_is.pdf Graphic file (type pdf)
<use figures/folie_3/synapse_is.pdf>
Package pdftex.def Info: figures/folie_3/synapse_is.pdf  used on input line 210
.
(pdftex.def)             Requested size: 227.62204pt x 85.35675pt.

Overfull \hbox (1.17432pt too wide) has occurred while \output is active
[]  
 []

[5

 <./figures/folie_3/synapse_is.pdf>]
LaTeX Font Info:    Font shape `T1/cmbr/m/it' in size <10> not available
(Font)              Font shape `T1/cmbr/m/sl' tried instead on input line 237.
<icons/sensor_neuron.pdf, id=142, 67.22375pt x 58.2175pt>
File: icons/sensor_neuron.pdf Graphic file (type pdf)
<use icons/sensor_neuron.pdf>
Package pdftex.def Info: icons/sensor_neuron.pdf  used on input line 237.
(pdftex.def)             Requested size: 22.00012pt x 19.05281pt.
<icons/inter_neuron.pdf, id=143, 32.12pt x 32.12pt>
File: icons/inter_neuron.pdf Graphic file (type pdf)
<use icons/inter_neuron.pdf>
Package pdftex.def Info: icons/inter_neuron.pdf  used on input line 237.
(pdftex.def)             Requested size: 22.00012pt x 22.00058pt.
<icons/motor_neuron.pdf, id=144, 93.64215pt x 81.09648pt>
File: icons/motor_neuron.pdf Graphic file (type pdf)
<use icons/motor_neuron.pdf>
Package pdftex.def Info: icons/motor_neuron.pdf  used on input line 237.
(pdftex.def)             Requested size: 22.00012pt x 19.05272pt.
<figures/nn_with_worm.pdf, id=145, 1003.75pt x 1217.54875pt>
File: figures/nn_with_worm.pdf Graphic file (type pdf)
<use figures/nn_with_worm.pdf>
Package pdftex.def Info: figures/nn_with_worm.pdf  used on input line 237.
(pdftex.def)             Requested size: 156.49014pt x 189.81422pt.

Overfull \hbox (12.17267pt too wide) detected at line 237
[][][][][][][][][]  [][] [][][][][][][]
 []


LaTeX Font Warning: Font shape `T1/cmbr/bx/it' undefined
(Font)              using `T1/cmbr/bx/n' instead on input line 237.


Overfull \hbox (1.17432pt too wide) has occurred while \output is active
[]  
 []

[6

 <./icons/sensor_neuron.pdf> <./icons/inter_neuron.pdf> <./icons/motor_neuron.p
df> <./figures/nn_with_worm.pdf>]
\@mybox=\box100
\@myboxht=\dimen328

Underfull \hbox (badness 10000) in paragraph at lines 297--297

 []

LaTeX Font Info:    Try loading font information for OML+cmbrm on input line 29
7.
("C:\Program Files\MiKTeX 2.9\tex\latex\cmbright\omlcmbrm.fd"
File: omlcmbrm.fd 2005/04/13 v8.1 (WaS)
)
LaTeX Font Info:    Try loading font information for OMS+cmbrs on input line 29
7.

("C:\Program Files\MiKTeX 2.9\tex\latex\cmbright\omscmbrs.fd"
File: omscmbrs.fd 2005/04/13 v8.1 (WaS)
)
\@mybox=\box101
\@myboxht=\dimen329

Underfull \hbox (badness 1286) in paragraph at lines 297--297
[]\T1/cmbr/m/n/10 Berechnung der Synapsen- und Gap-Junction-
 []


Underfull \hbox (badness 10000) in paragraph at lines 297--297

 []


Overfull \hbox (7.90709pt too wide) detected at line 297
[][][][][][][][][]  [][] [][][][][][][]
 []


Overfull \hbox (1.17432pt too wide) has occurred while \output is active
[]  
 []

[7

]
<icons/001-plus.pdf, id=224, 50.1875pt x 50.1875pt>
File: icons/001-plus.pdf Graphic file (type pdf)
<use icons/001-plus.pdf>
Package pdftex.def Info: icons/001-plus.pdf  used on input line 326.
(pdftex.def)             Requested size: 11.00006pt x 10.99992pt.
File: icons/001-plus.pdf Graphic file (type pdf)
<use icons/001-plus.pdf>
Package pdftex.def Info: icons/001-plus.pdf  used on input line 326.
(pdftex.def)             Requested size: 11.00006pt x 10.99992pt.
File: icons/001-plus.pdf Graphic file (type pdf)
<use icons/001-plus.pdf>
Package pdftex.def Info: icons/001-plus.pdf  used on input line 326.
(pdftex.def)             Requested size: 11.00006pt x 10.99992pt.
File: icons/001-plus.pdf Graphic file (type pdf)
<use icons/001-plus.pdf>
Package pdftex.def Info: icons/001-plus.pdf  used on input line 326.
(pdftex.def)             Requested size: 11.00006pt x 10.99992pt.
<icons/002-minus.pdf, id=225, 50.1875pt x 50.1875pt>
File: icons/002-minus.pdf Graphic file (type pdf)
<use icons/002-minus.pdf>
Package pdftex.def Info: icons/002-minus.pdf  used on input line 326.
(pdftex.def)             Requested size: 11.00006pt x 10.99992pt.
File: icons/002-minus.pdf Graphic file (type pdf)
<use icons/002-minus.pdf>
Package pdftex.def Info: icons/002-minus.pdf  used on input line 326.
(pdftex.def)             Requested size: 11.00006pt x 10.99992pt.
File: icons/002-minus.pdf Graphic file (type pdf)
<use icons/002-minus.pdf>
Package pdftex.def Info: icons/002-minus.pdf  used on input line 326.
(pdftex.def)             Requested size: 11.00006pt x 10.99992pt.

Overfull \vbox (0.82854pt too high) detected at line 326
 []


Overfull \hbox (1.17432pt too wide) has occurred while \output is active
[]  
 []

[8

 <./icons/001-plus.pdf> <./icons/002-minus.pdf>]
File: figures/folie_1/rl.pdf Graphic file (type pdf)
<use figures/folie_1/rl.pdf>
Package pdftex.def Info: figures/folie_1/rl.pdf  used on input line 349.
(pdftex.def)             Requested size: 128.0374pt x 128.03386pt.
File: icons/003-arrow.pdf Graphic file (type pdf)
<use icons/003-arrow.pdf>
Package pdftex.def Info: icons/003-arrow.pdf  used on input line 349.
(pdftex.def)             Requested size: 11.00006pt x 10.99992pt.
File: icons/003-arrow.pdf Graphic file (type pdf)
<use icons/003-arrow.pdf>
Package pdftex.def Info: icons/003-arrow.pdf  used on input line 349.
(pdftex.def)             Requested size: 11.00006pt x 10.99992pt.
File: icons/003-arrow.pdf Graphic file (type pdf)
<use icons/003-arrow.pdf>
Package pdftex.def Info: icons/003-arrow.pdf  used on input line 349.
(pdftex.def)             Requested size: 11.00006pt x 10.99992pt.

Overfull \hbox (1.17432pt too wide) has occurred while \output is active
[]  
 []

[9

]
<figures/RL_Chart_pres.pdf, id=258, 569.05513pt x 213.39566pt>
File: figures/RL_Chart_pres.pdf Graphic file (type pdf)
<use figures/RL_Chart_pres.pdf>
Package pdftex.def Info: figures/RL_Chart_pres.pdf  used on input line 379.
(pdftex.def)             Requested size: 227.62204pt x 85.35675pt.

Overfull \hbox (35.56725pt too wide) in paragraph at lines 379--379
 [] 
 []

LaTeX Font Info:    Font shape `T1/cmbr/m/it' in size <9> not available
(Font)              Font shape `T1/cmbr/m/sl' tried instead on input line 379.

Overfull \hbox (1.17432pt too wide) has occurred while \output is active
[]  
 []


Overfull \hbox (1.42506pt too wide) has occurred while \output is active
[]\T1/cmbr/sb/n/6 10 
 []

[10

 <./figures/RL_Chart_pres.pdf>]
<figures/Neural_Net_v3_num_syn.pdf, id=282, 752.8125pt x 752.8125pt>
File: figures/Neural_Net_v3_num_syn.pdf Graphic file (type pdf)
<use figures/Neural_Net_v3_num_syn.pdf>
Package pdftex.def Info: figures/Neural_Net_v3_num_syn.pdf  used on input line 
408.
(pdftex.def)             Requested size: 142.26378pt x 142.26622pt.

Overfull \hbox (9.3285pt too wide) detected at line 408
[][][][][][][][][]  [][] [][][][][][][]
 []


Overfull \hbox (1.17432pt too wide) has occurred while \output is active
[]  
 []


Overfull \hbox (1.42506pt too wide) has occurred while \output is active
[]\T1/cmbr/sb/n/6 11 
 []

[11

 <./figures/Neural_Net_v3_num_syn.pdf>]
LaTeX Font Info:    Try loading font information for T1+cmtl on input line 441.


("C:\Program Files\MiKTeX 2.9\tex\latex\cmbright\t1cmtl.fd"
File: t1cmtl.fd 2005/04/13 v8.1 (WaS)
)

LaTeX Font Warning: Font shape `T1/cmtl/bx/n' undefined
(Font)              using `T1/cmtl/m/n' instead on input line 441.

File: icons/003-arrow.pdf Graphic file (type pdf)
<use icons/003-arrow.pdf>
Package pdftex.def Info: icons/003-arrow.pdf  used on input line 441.
(pdftex.def)             Requested size: 11.00006pt x 10.99992pt.
File: icons/003-arrow.pdf Graphic file (type pdf)
<use icons/003-arrow.pdf>
Package pdftex.def Info: icons/003-arrow.pdf  used on input line 441.
(pdftex.def)             Requested size: 11.00006pt x 10.99992pt.
File: icons/003-arrow.pdf Graphic file (type pdf)
<use icons/003-arrow.pdf>
Package pdftex.def Info: icons/003-arrow.pdf  used on input line 441.
(pdftex.def)             Requested size: 11.00006pt x 10.99992pt.
File: icons/003-arrow.pdf Graphic file (type pdf)
<use icons/003-arrow.pdf>
Package pdftex.def Info: icons/003-arrow.pdf  used on input line 441.
(pdftex.def)             Requested size: 11.00006pt x 10.99992pt.

Overfull \hbox (1.17432pt too wide) has occurred while \output is active
[]  
 []


Overfull \hbox (1.42506pt too wide) has occurred while \output is active
[]\T1/cmbr/sb/n/6 12 
 []

[12

] (figures/gen_alg.pdf_tex
<figures/gen_alg.pdf, id=305, page=1, 569.05513pt x 426.79132pt>
File: figures/gen_alg.pdf Graphic file (type pdf)
<use figures/gen_alg.pdf, page 1>
Package pdftex.def Info: figures/gen_alg.pdf , page1 used on input line 57.
(pdftex.def)             Requested size: 179.25244pt x 134.43997pt.
<figures/gen_alg.pdf, id=306, page=2, 569.05513pt x 426.79132pt>
File: figures/gen_alg.pdf Graphic file (type pdf)
<use figures/gen_alg.pdf, page 2>
Package pdftex.def Info: figures/gen_alg.pdf , page2 used on input line 62.
(pdftex.def)             Requested size: 179.25244pt x 134.43997pt.
<figures/gen_alg.pdf, id=307, page=3, 569.05513pt x 426.79132pt>
File: figures/gen_alg.pdf Graphic file (type pdf)
<use figures/gen_alg.pdf, page 3>
Package pdftex.def Info: figures/gen_alg.pdf , page3 used on input line 65.
(pdftex.def)             Requested size: 179.25244pt x 134.43997pt.
)
Overfull \hbox (1.17432pt too wide) has occurred while \output is active
[]  
 []


Overfull \hbox (1.42506pt too wide) has occurred while \output is active
[]\T1/cmbr/sb/n/6 13 
 []

[13

 <./figures/gen_alg.pdf> <./figures/gen_alg.pdf

pdfTeX warning: pdflatex.exe (file ./figures/gen_alg.pdf): PDF inclusion: multi
ple pdfs with page group included in a single page
> <./figures/gen_alg.pdf

pdfTeX warning: pdflatex.exe (file ./figures/gen_alg.pdf): PDF inclusion: multi
ple pdfs with page group included in a single page
>]
File: figures/folie_1/cartpole.pdf Graphic file (type pdf)
<use figures/folie_1/cartpole.pdf>
Package pdftex.def Info: figures/folie_1/cartpole.pdf  used on input line 495.
(pdftex.def)             Requested size: 128.0374pt x 128.03386pt.
File: icons/003-arrow.pdf Graphic file (type pdf)
<use icons/003-arrow.pdf>
Package pdftex.def Info: icons/003-arrow.pdf  used on input line 495.
(pdftex.def)             Requested size: 11.00006pt x 10.99992pt.
File: icons/003-arrow.pdf Graphic file (type pdf)
<use icons/003-arrow.pdf>
Package pdftex.def Info: icons/003-arrow.pdf  used on input line 495.
(pdftex.def)             Requested size: 11.00006pt x 10.99992pt.
File: icons/003-arrow.pdf Graphic file (type pdf)
<use icons/003-arrow.pdf>
Package pdftex.def Info: icons/003-arrow.pdf  used on input line 495.
(pdftex.def)             Requested size: 11.00006pt x 10.99992pt.

Overfull \hbox (1.17432pt too wide) has occurred while \output is active
[]  
 []


Overfull \hbox (1.42506pt too wide) has occurred while \output is active
[]\T1/cmbr/sb/n/6 14 
 []

[14

]
Overfull \hbox (1.17432pt too wide) has occurred while \output is active
[]  
 []


Overfull \hbox (1.42506pt too wide) has occurred while \output is active
[]\T1/cmbr/sb/n/6 15 
 []

[15

] (figures/cartpole_with_ann.pdf_tex
<figures/cartpole_with_ann.pdf, id=335, page=1, 569.05513pt x 569.05513pt>
File: figures/cartpole_with_ann.pdf Graphic file (type pdf)
<use figures/cartpole_with_ann.pdf, page 1>
Package pdftex.def Info: figures/cartpole_with_ann.pdf , page1 used on input li
ne 56.
(pdftex.def)             Requested size: 184.9429pt x 184.94072pt.
<figures/cartpole_with_ann.pdf, id=336, page=2, 569.05513pt x 569.05513pt>
File: figures/cartpole_with_ann.pdf Graphic file (type pdf)
<use figures/cartpole_with_ann.pdf, page 2>
Package pdftex.def Info: figures/cartpole_with_ann.pdf , page2 used on input li
ne 58.
(pdftex.def)             Requested size: 184.9429pt x 184.94072pt.
<figures/cartpole_with_ann.pdf, id=337, page=3, 569.05513pt x 569.05513pt>
File: figures/cartpole_with_ann.pdf Graphic file (type pdf)
<use figures/cartpole_with_ann.pdf, page 3>
Package pdftex.def Info: figures/cartpole_with_ann.pdf , page3 used on input li
ne 60.
(pdftex.def)             Requested size: 184.9429pt x 184.94072pt.
<figures/cartpole_with_ann.pdf, id=338, page=4, 569.05513pt x 569.05513pt>
File: figures/cartpole_with_ann.pdf Graphic file (type pdf)
<use figures/cartpole_with_ann.pdf, page 4>
Package pdftex.def Info: figures/cartpole_with_ann.pdf , page4 used on input li
ne 62.
(pdftex.def)             Requested size: 184.9429pt x 184.94072pt.
)
Overfull \vbox (34.10127pt too high) detected at line 576
 []


Overfull \hbox (1.17432pt too wide) has occurred while \output is active
[]  
 []


Overfull \hbox (1.42506pt too wide) has occurred while \output is active
[]\T1/cmbr/sb/n/6 16 
 []

[16

 <./figures/cartpole_with_ann.pdf> <./figures/cartpole_with_ann.pdf

pdfTeX warning: pdflatex.exe (file ./figures/cartpole_with_ann.pdf): PDF inclus
ion: multiple pdfs with page group included in a single page
> <./figures/cartpole_with_ann.pdf

pdfTeX warning: pdflatex.exe (file ./figures/cartpole_with_ann.pdf): PDF inclus
ion: multiple pdfs with page group included in a single page
> <./figures/cartpole_with_ann.pdf

pdfTeX warning: pdflatex.exe (file ./figures/cartpole_with_ann.pdf): PDF inclus
ion: multiple pdfs with page group included in a single page
>]
<figures/gcp.png, id=350, 1806.75pt x 467.7475pt>
File: figures/gcp.png Graphic file (type png)
<use figures/gcp.png>
Package pdftex.def Info: figures/gcp.png  used on input line 610.
(pdftex.def)             Requested size: 170.71652pt x 44.1938pt.
 (figures/gcp/gcp.pdf_tex
<figures/gcp/gcp.pdf, id=351, page=1, 401.5pt x 501.875pt>
File: figures/gcp/gcp.pdf Graphic file (type pdf)
<use figures/gcp/gcp.pdf, page 1>
Package pdftex.def Info: figures/gcp/gcp.pdf , page1 used on input line 56.
(pdftex.def)             Requested size: 113.81102pt x 142.26239pt.
<figures/gcp/gcp.pdf, id=352, page=2, 401.5pt x 501.875pt>
File: figures/gcp/gcp.pdf Graphic file (type pdf)
<use figures/gcp/gcp.pdf, page 2>
Package pdftex.def Info: figures/gcp/gcp.pdf , page2 used on input line 58.
(pdftex.def)             Requested size: 113.81102pt x 142.26239pt.
)
Overfull \hbox (1.17432pt too wide) has occurred while \output is active
[]  
 []


Overfull \hbox (1.42506pt too wide) has occurred while \output is active
[]\T1/cmbr/sb/n/6 17 
 []

[17

 <./figures/gcp.png> <./figures/gcp/gcp.pdf> <./figures/gcp/gcp.pdf

pdfTeX warning: pdflatex.exe (file ./figures/gcp/gcp.pdf): PDF inclusion: multi
ple pdfs with page group included in a single page
>]
<figures/plot_membranpot_2.pdf, id=363, 1110.06725pt x 554.3109pt>
File: figures/plot_membranpot_2.pdf Graphic file (type pdf)
<use figures/plot_membranpot_2.pdf>
Package pdftex.def Info: figures/plot_membranpot_2.pdf  used on input line 625.

(pdftex.def)             Requested size: 398.33858pt x 198.90895pt.

Overfull \vbox (1.67342pt too high) detected at line 625
 []


Overfull \hbox (1.17432pt too wide) has occurred while \output is active
[]  
 []


Overfull \hbox (1.42506pt too wide) has occurred while \output is active
[]\T1/cmbr/sb/n/6 18 
 []

[18

 <./figures/plot_membranpot_2.pdf>]
<figures/plot_action.pdf, id=418, 1387.58403pt x 710.41411pt>
File: figures/plot_action.pdf Graphic file (type pdf)
<use figures/plot_action.pdf>
Package pdftex.def Info: figures/plot_action.pdf  used on input line 640.
(pdftex.def)             Requested size: 369.88582pt x 189.37537pt.

Overfull \vbox (2.97318pt too high) detected at line 640
 []


Overfull \hbox (1.17432pt too wide) has occurred while \output is active
[]  
 []


Overfull \hbox (1.42506pt too wide) has occurred while \output is active
[]\T1/cmbr/sb/n/6 19 
 []

[19

 <./figures/plot_action.pdf>]<<VPlayer.swf>><<video/20180910_Render_MP4.mp4>>
Overfull \hbox (1.17432pt too wide) has occurred while \output is active
[]  
 []


Overfull \hbox (1.42506pt too wide) has occurred while \output is active
[]\T1/cmbr/sb/n/6 20 
 []

[20

]
Overfull \hbox (1.17432pt too wide) has occurred while \output is active
[]  
 []


Overfull \hbox (1.42506pt too wide) has occurred while \output is active
[]\T1/cmbr/sb/n/6 21 
 []

[21

]
Overfull \hbox (1.17432pt too wide) has occurred while \output is active
[]  
 []


Overfull \hbox (1.42506pt too wide) has occurred while \output is active
[]\T1/cmbr/sb/n/6 22 
 []

[22

]
Overfull \hbox (1.17432pt too wide) has occurred while \output is active
[]  
 []


Overfull \hbox (1.42506pt too wide) has occurred while \output is active
[]\T1/cmbr/sb/n/6 23 
 []

[23

]
LaTeX Font Info:    Try loading font information for U+mvs on input line 703.
 ("C:\Program Files\MiKTeX 2.9\tex\latex\marvosym\umvs.fd")
Overfull \hbox (1.17432pt too wide) has occurred while \output is active
[]  
 []

[24

]
Overfull \hbox (1.17432pt too wide) has occurred while \output is active
[]  
 []

[25

]
<figures/Neural_Net_v3_ohneLegende.pdf, id=517, 1003.75pt x 1003.75pt>
File: figures/Neural_Net_v3_ohneLegende.pdf Graphic file (type pdf)
<use figures/Neural_Net_v3_ohneLegende.pdf>
Package pdftex.def Info: figures/Neural_Net_v3_ohneLegende.pdf  used on input l
ine 740.
(pdftex.def)             Requested size: 184.9429pt x 184.94035pt.

Overfull \hbox (14.22897pt too wide) in paragraph at lines 740--740
 [] 
 []

<figures/Colored_neural_network.pdf, id=518, 237.49327pt x 285.595pt>
File: figures/Colored_neural_network.pdf Graphic file (type pdf)
<use figures/Colored_neural_network.pdf>
Package pdftex.def Info: figures/Colored_neural_network.pdf  used on input line
 740.
(pdftex.def)             Requested size: 128.0374pt x 153.97496pt.

Overfull \hbox (1.17432pt too wide) has occurred while \output is active
[]  
 []

[26

 <./figures/Neural_Net_v3_ohneLegende.pdf> <./figures/Colored_neural_network.pd
f>]
Overfull \hbox (1.17432pt too wide) has occurred while \output is active
[]  
 []

[27

]pdfTeX warning (ext4): destination with the same identifier (name{eq:lif}) has
 been already used, duplicate ignored
<to be read again> 
                   \relax 
l.793 \end{frame}
                 pdfTeX warning (ext4): destination with the same identifier (n
ame{eq:lif_current_in}) has been already used, duplicate ignored
<to be read again> 
                   \relax 
l.793 \end{frame}
                 
Overfull \hbox (1.17432pt too wide) has occurred while \output is active
[]  
 []

[28

]pdfTeX warning (ext4): destination with the same identifier (name{eq:chem_syn_
current}) has been already used, duplicate ignored
<to be read again> 
                   \relax 
l.813 \end{frame}
                 pdfTeX warning (ext4): destination with the same identifier (n
ame{eq:gap_syn_current}) has been already used, duplicate ignored
<to be read again> 
                   \relax 
l.813 \end{frame}
                 
Overfull \hbox (1.17432pt too wide) has occurred while \output is active
[]  
 []

[29

]
Overfull \hbox (1.17432pt too wide) has occurred while \output is active
[]  
 []

[30

]
\tf@nav=\write9
\openout9 = `presentation_BA_JW.nav'.

\tf@toc=\write10
\openout10 = `presentation_BA_JW.toc'.

\tf@snm=\write11
\openout11 = `presentation_BA_JW.snm'.

Package atveryend Info: Empty hook `BeforeClearDocument' on input line 833.
Package atveryend Info: Empty hook `AfterLastShipout' on input line 833.
 (presentation_BA_JW.aux)
Package atveryend Info: Executing hook `AtVeryEndDocument' on input line 833.
Package atveryend Info: Executing hook `AtEndAfterFileList' on input line 833.
Package rerunfilecheck Info: File `presentation_BA_JW.out' has not changed.
(rerunfilecheck)             Checksum: D41D8CD98F00B204E9800998ECF8427E;0.


LaTeX Font Warning: Some font shapes were not available, defaults substituted.


LaTeX Warning: There were multiply-defined labels.

Package logreq Info: Writing requests to 'presentation_BA_JW.run.xml'.
\openout1 = `presentation_BA_JW.run.xml'.

 ) 
Here is how much of TeX's memory you used:
 57334 strings out of 492973
 1286490 string characters out of 3135932
 1816191 words of memory out of 3000000
 60331 multiletter control sequences out of 15000+200000
 554631 words of font info for 69 fonts, out of 3000000 for 9000
 1143 hyphenation exceptions out of 8191
 142i,19n,184p,1636b,2770s stack positions out of 5000i,500n,10000p,200000b,50000s
 <C:\Users\Jonas\AppData\Local\MiKTeX\2.9\fonts\pk\ljfour\public\cmbright\dpi
864\ebbx10.pk> <C:\Users\Jonas\AppData\Local\MiKTeX\2.9\fonts\pk\ljfour\public\
cmbright\dpi600\ebmr17.pk> <C:\Users\Jonas\AppData\Local\MiKTeX\2.9\fonts\pk\lj
four\public\cmbright\dpi540\ebtl10.pk> <C:\Users\Jonas\AppData\Local\MiKTeX\2.9
\fonts\pk\ljfour\public\cmbright\dpi660\ebtl10.pk> <C:\Users\Jonas\AppData\Loca
l\MiKTeX\2.9\fonts\pk\ljfour\public\cmbright\dpi525\ebmr8.pk> <C:\Users\Jonas\A
ppData\Local\MiKTeX\2.9\fonts\pk\ljfour\public\cmbright\dpi600\ebtl10.pk> <C:\U
sers\Jonas\AppData\Local\MiKTeX\2.9\fonts\pk\ljfour\public\cmbright\dpi600\ebmo
9.pk> <C:\Users\Jonas\AppData\Local\MiKTeX\2.9\fonts\pk\ljfour\public\cmbright\
dpi600\cmbrmb10.pk> <C:\Users\Jonas\AppData\Local\MiKTeX\2.9\fonts\pk\ljfour\pu
blic\cmbright\dpi600\ebmr9.pk> <C:\Users\Jonas\AppData\Local\MiKTeX\2.9\fonts\p
k\ljfour\public\cmbright\dpi540\ebbx10.pk> <C:\Users\Jonas\AppData\Local\MiKTeX
\2.9\fonts\pk\ljfour\public\cmbright\dpi375\cmbrmi8.pk> <C:\Users\Jonas\AppData
\Local\MiKTeX\2.9\fonts\pk\ljfour\public\cmbright\dpi525\cmbr8.pk> <C:\Users\Jo
nas\AppData\Local\MiKTeX\2.9\fonts\pk\ljfour\public\cmbright\dpi600\cmbrsy10.pk
> <C:\Users\Jonas\AppData\Local\MiKTeX\2.9\fonts\pk\ljfour\public\cmbright\dpi5
25\cmbrmi8.pk> <C:\Users\Jonas\AppData\Local\MiKTeX\2.9\fonts\pk\ljfour\public\
cmbright\dpi600\cmbr10.pk> <C:\Users\Jonas\AppData\Local\MiKTeX\2.9\fonts\pk\lj
four\public\cmbright\dpi600\cmbrmi10.pk> <C:\Users\Jonas\AppData\Local\MiKTeX\2
.9\fonts\pk\ljfour\public\cmbright\dpi600\ebmo10.pk> <C:\Users\Jonas\AppData\Lo
cal\MiKTeX\2.9\fonts\pk\ljfour\public\cmbright\dpi450\ebsr8.pk> <C:\Users\Jonas
\AppData\Local\MiKTeX\2.9\fonts\pk\ljfour\public\cmbright\dpi600\ebbx10.pk> <C:
\Users\Jonas\AppData\Local\MiKTeX\2.9\fonts\pk\ljfour\public\cmbright\dpi660\eb
bx10.pk> <C:\Users\Jonas\AppData\Local\MiKTeX\2.9\fonts\pk\ljfour\public\cmbrig
ht\dpi780\ebbx10.pk> <C:\Users\Jonas\AppData\Local\MiKTeX\2.9\fonts\pk\ljfour\p
ublic\cmbright\dpi600\ebmr10.pk> <C:\Users\Jonas\AppData\Local\MiKTeX\2.9\fonts
\pk\ljfour\public\cmbright\dpi600\ebmr8.pk> <C:\Users\Jonas\AppData\Local\MiKTe
X\2.9\fonts\pk\ljfour\public\cmbright\dpi720\ebmr10.pk> <C:\Users\Jonas\AppData
\Local\MiKTeX\2.9\fonts\pk\ljfour\public\cmbright\dpi720\ebbx10.pk> <C:\Users\J
onas\AppData\Local\MiKTeX\2.9\fonts\pk\ljfour\public\cmbright\dpi960\ebbx10.pk>
<C:/Program Files/MiKTeX 2.9/fonts/type1/public/amsfonts/cm/cmex10.pfb><C:/Prog
ram Files/MiKTeX 2.9/fonts/type1/public/marvosym/marvosym.pfb>
Output written on presentation_BA_JW.pdf (30 pages, 10197286 bytes).
PDF statistics:
 1345 PDF objects out of 1440 (max. 8388607)
 85 named destinations out of 1000 (max. 500000)
 283 words of extra memory for PDF output out of 10000 (max. 10000000)

